2025-10-23 22:35:19,818 - root - INFO - ==================================================
2025-10-23 22:35:19,818 - root - INFO - è‚¡ç¥¨æ•°æ®åˆ†æžç³»ç»Ÿå¯åŠ¨
2025-10-23 22:35:19,818 - root - INFO - ==================================================
2025-10-23 22:35:19,861 - root - INFO - æ•°æ®åº“åˆå§‹åŒ–æˆåŠŸ
2025-10-23 22:35:19,941 - root - WARNING - æ•°æ®åº“ä¸­æ²¡æœ‰æ—¥æœŸæ•°æ®
2025-10-23 22:35:20,636 - root - INFO - ä¸»çª—å£å·²æ˜¾ç¤º
2025-10-23 22:35:52,398 - root - WARNING - æ— æ³•è§£æžæ•°å€¼: 1.2äº¿
2025-10-23 22:35:52,408 - root - INFO - æˆåŠŸè§£æžExcel: 2025-10-09.xlsx, è®°å½•æ•°: 5142, æ—¥æœŸ: 2025-10-09
2025-10-23 22:35:52,885 - root - WARNING - æ— æ³•è§£æžæ•°å€¼: -1.2äº¿
2025-10-23 22:35:52,885 - root - WARNING - æ— æ³•è§£æžæ•°å€¼: 1.1äº¿
2025-10-23 22:35:52,885 - root - WARNING - æ— æ³•è§£æžæ•°å€¼: -1.6äº¿
2025-10-23 22:35:52,895 - root - INFO - æˆåŠŸè§£æžExcel: 2025-10-10.xlsx, è®°å½•æ•°: 5144, æ—¥æœŸ: 2025-10-10
2025-10-23 22:35:53,409 - root - WARNING - æ— æ³•è§£æžæ•°å€¼: 2.7äº¿
2025-10-23 22:35:53,409 - root - WARNING - æ— æ³•è§£æžæ•°å€¼: -1.1äº¿
2025-10-23 22:35:53,409 - root - WARNING - æ— æ³•è§£æžæ•°å€¼: 1.0äº¿
2025-10-23 22:35:53,409 - root - WARNING - æ— æ³•è§£æžæ•°å€¼: 1.2äº¿
2025-10-23 22:35:53,409 - root - WARNING - æ— æ³•è§£æžæ•°å€¼: 1.1äº¿
2025-10-23 22:35:53,420 - root - INFO - æˆåŠŸè§£æžExcel: 2025-10-13.xlsx, è®°å½•æ•°: 5147, æ—¥æœŸ: 2025-10-13
2025-10-23 22:35:53,918 - root - WARNING - æ— æ³•è§£æžæ•°å€¼: -1.5äº¿
2025-10-23 22:35:53,927 - root - INFO - æˆåŠŸè§£æžExcel: 2025-10-14.xlsx, è®°å½•æ•°: 5148, æ—¥æœŸ: 2025-10-14
2025-10-23 22:35:54,423 - root - WARNING - æ— æ³•è§£æžæ•°å€¼: 3.4äº¿
2025-10-23 22:35:54,424 - root - WARNING - æ— æ³•è§£æžæ•°å€¼: -1.8äº¿
2025-10-23 22:35:54,433 - root - INFO - æˆåŠŸè§£æžExcel: 2025-10-15.xlsx, è®°å½•æ•°: 5148, æ—¥æœŸ: 2025-10-15
2025-10-23 22:35:54,940 - root - INFO - æˆåŠŸè§£æžExcel: 2025-10-16.xlsx, è®°å½•æ•°: 5151, æ—¥æœŸ: 2025-10-16
2025-10-23 22:35:55,444 - root - WARNING - æ— æ³•è§£æžæ•°å€¼: 1.9äº¿
2025-10-23 22:35:55,453 - root - INFO - æˆåŠŸè§£æžExcel: 2025-10-17.xlsx, è®°å½•æ•°: 5154, æ—¥æœŸ: 2025-10-17
2025-10-23 22:35:55,977 - root - WARNING - æ— æ³•è§£æžæ•°å€¼: 2.4äº¿
2025-10-23 22:35:55,977 - root - WARNING - æ— æ³•è§£æžæ•°å€¼: 1.2äº¿
2025-10-23 22:35:55,977 - root - WARNING - æ— æ³•è§£æžæ•°å€¼: 1.4äº¿
2025-10-23 22:35:55,977 - root - WARNING - æ— æ³•è§£æžæ•°å€¼: -1.1äº¿
2025-10-23 22:35:55,988 - root - INFO - æˆåŠŸè§£æžExcel: 2025-10-20.xlsx, è®°å½•æ•°: 5178, æ—¥æœŸ: 2025-10-20
2025-10-23 22:35:56,597 - root - INFO - æˆåŠŸè§£æžExcel: 2025-10-21.xlsx, è®°å½•æ•°: 4950, æ—¥æœŸ: 2025-10-21
2025-10-23 22:35:57,191 - root - INFO - æˆåŠŸè§£æžExcel: 2025-10-22.xlsx, è®°å½•æ•°: 5174, æ—¥æœŸ: 2025-10-22
2025-10-23 22:36:04,155 - root - INFO - åŠ è½½äº† 5152 æ¡æ•°æ®ï¼Œæ—¥æœŸ: 2025-10-22
2025-10-23 22:43:55,283 - root - INFO - æ•°æ®åº“è¿žæŽ¥å·²å…³é—­
2025-10-23 22:47:00,224 - root - INFO - ==================================================
2025-10-23 22:47:00,224 - root - INFO - è‚¡ç¥¨æ•°æ®åˆ†æžç³»ç»Ÿå¯åŠ¨
2025-10-23 22:47:00,224 - root - INFO - ==================================================
2025-10-23 22:47:00,245 - root - INFO - æ•°æ®åº“åˆå§‹åŒ–æˆåŠŸ
2025-10-23 22:47:00,302 - root - WARNING - æ•°æ®åº“ä¸­æ²¡æœ‰æ—¥æœŸæ•°æ®
2025-10-23 22:47:00,906 - root - INFO - ä¸»çª—å£å·²æ˜¾ç¤º
2025-10-23 22:47:17,620 - root - WARNING - æ— æ³•è§£æžæ•°å€¼: 1.2äº¿
2025-10-23 22:47:17,631 - root - INFO - æˆåŠŸè§£æžExcel: 2025-10-09.xlsx, è®°å½•æ•°: 5142, æ—¥æœŸ: 2025-10-09
2025-10-23 22:47:18,123 - root - WARNING - æ— æ³•è§£æžæ•°å€¼: -1.2äº¿
2025-10-23 22:47:18,124 - root - WARNING - æ— æ³•è§£æžæ•°å€¼: 1.1äº¿
2025-10-23 22:47:18,124 - root - WARNING - æ— æ³•è§£æžæ•°å€¼: -1.6äº¿
2025-10-23 22:47:18,135 - root - INFO - æˆåŠŸè§£æžExcel: 2025-10-10.xlsx, è®°å½•æ•°: 5144, æ—¥æœŸ: 2025-10-10
2025-10-23 22:47:18,659 - root - WARNING - æ— æ³•è§£æžæ•°å€¼: 2.7äº¿
2025-10-23 22:47:18,659 - root - WARNING - æ— æ³•è§£æžæ•°å€¼: -1.1äº¿
2025-10-23 22:47:18,660 - root - WARNING - æ— æ³•è§£æžæ•°å€¼: 1.0äº¿
2025-10-23 22:47:18,660 - root - WARNING - æ— æ³•è§£æžæ•°å€¼: 1.2äº¿
2025-10-23 22:47:18,660 - root - WARNING - æ— æ³•è§£æžæ•°å€¼: 1.1äº¿
2025-10-23 22:47:18,671 - root - INFO - æˆåŠŸè§£æžExcel: 2025-10-13.xlsx, è®°å½•æ•°: 5147, æ—¥æœŸ: 2025-10-13
2025-10-23 22:47:19,181 - root - WARNING - æ— æ³•è§£æžæ•°å€¼: -1.5äº¿
2025-10-23 22:47:19,190 - root - INFO - æˆåŠŸè§£æžExcel: 2025-10-14.xlsx, è®°å½•æ•°: 5148, æ—¥æœŸ: 2025-10-14
2025-10-23 22:47:19,692 - root - WARNING - æ— æ³•è§£æžæ•°å€¼: 3.4äº¿
2025-10-23 22:47:19,693 - root - WARNING - æ— æ³•è§£æžæ•°å€¼: -1.8äº¿
2025-10-23 22:47:19,703 - root - INFO - æˆåŠŸè§£æžExcel: 2025-10-15.xlsx, è®°å½•æ•°: 5148, æ—¥æœŸ: 2025-10-15
2025-10-23 22:47:20,219 - root - INFO - æˆåŠŸè§£æžExcel: 2025-10-16.xlsx, è®°å½•æ•°: 5151, æ—¥æœŸ: 2025-10-16
2025-10-23 22:47:20,723 - root - WARNING - æ— æ³•è§£æžæ•°å€¼: 1.9äº¿
2025-10-23 22:47:20,732 - root - INFO - æˆåŠŸè§£æžExcel: 2025-10-17.xlsx, è®°å½•æ•°: 5154, æ—¥æœŸ: 2025-10-17
2025-10-23 22:47:21,264 - root - WARNING - æ— æ³•è§£æžæ•°å€¼: 2.4äº¿
2025-10-23 22:47:21,264 - root - WARNING - æ— æ³•è§£æžæ•°å€¼: 1.2äº¿
2025-10-23 22:47:21,264 - root - WARNING - æ— æ³•è§£æžæ•°å€¼: 1.4äº¿
2025-10-23 22:47:21,264 - root - WARNING - æ— æ³•è§£æžæ•°å€¼: -1.1äº¿
2025-10-23 22:47:21,276 - root - INFO - æˆåŠŸè§£æžExcel: 2025-10-20.xlsx, è®°å½•æ•°: 5178, æ—¥æœŸ: 2025-10-20
2025-10-23 22:47:21,887 - root - INFO - æˆåŠŸè§£æžExcel: 2025-10-21.xlsx, è®°å½•æ•°: 4950, æ—¥æœŸ: 2025-10-21
2025-10-23 22:47:22,485 - root - INFO - æˆåŠŸè§£æžExcel: 2025-10-22.xlsx, è®°å½•æ•°: 5174, æ—¥æœŸ: 2025-10-22
2025-10-23 22:47:31,389 - root - INFO - åŠ è½½äº† 5152 æ¡æ•°æ®ï¼Œæ—¥æœŸ: 2025-10-22
2025-10-23 22:48:31,096 - root - INFO - æ•°æ®åº“è¿žæŽ¥å·²å…³é—­
2025-10-23 22:48:40,086 - root - INFO - ==================================================
2025-10-23 22:48:40,086 - root - INFO - è‚¡ç¥¨æ•°æ®åˆ†æžç³»ç»Ÿå¯åŠ¨
2025-10-23 22:48:40,086 - root - INFO - ==================================================
2025-10-23 22:48:40,096 - root - INFO - æ•°æ®åº“åˆå§‹åŒ–æˆåŠŸ
2025-10-23 22:48:42,285 - root - INFO - åŠ è½½äº† 5152 æ¡æ•°æ®ï¼Œæ—¥æœŸ: 2025-10-22
2025-10-23 22:48:42,535 - root - INFO - ä¸»çª—å£å·²æ˜¾ç¤º
2025-10-23 22:48:48,632 - root - INFO - åº”ç”¨ç­›é€‰: {'trade_date': '2025-10-22', 'stock_code': None, 'sector': None}
2025-10-23 22:49:05,850 - root - INFO - æˆåŠŸè§£æžExcel: 2025-10-09.xlsx, è®°å½•æ•°: 5142, æ—¥æœŸ: 2025-10-09
2025-10-23 22:49:06,416 - root - INFO - æˆåŠŸè§£æžExcel: 2025-10-10.xlsx, è®°å½•æ•°: 5144, æ—¥æœŸ: 2025-10-10
2025-10-23 22:49:07,026 - root - INFO - æˆåŠŸè§£æžExcel: 2025-10-13.xlsx, è®°å½•æ•°: 5147, æ—¥æœŸ: 2025-10-13
2025-10-23 22:49:07,627 - root - INFO - æˆåŠŸè§£æžExcel: 2025-10-14.xlsx, è®°å½•æ•°: 5148, æ—¥æœŸ: 2025-10-14
2025-10-23 22:49:08,203 - root - INFO - æˆåŠŸè§£æžExcel: 2025-10-15.xlsx, è®°å½•æ•°: 5148, æ—¥æœŸ: 2025-10-15
2025-10-23 22:49:08,820 - root - INFO - æˆåŠŸè§£æžExcel: 2025-10-16.xlsx, è®°å½•æ•°: 5151, æ—¥æœŸ: 2025-10-16
2025-10-23 22:49:09,417 - root - INFO - æˆåŠŸè§£æžExcel: 2025-10-17.xlsx, è®°å½•æ•°: 5154, æ—¥æœŸ: 2025-10-17
2025-10-23 22:49:10,048 - root - INFO - æˆåŠŸè§£æžExcel: 2025-10-20.xlsx, è®°å½•æ•°: 5178, æ—¥æœŸ: 2025-10-20
2025-10-23 22:49:10,704 - root - INFO - æˆåŠŸè§£æžExcel: 2025-10-21.xlsx, è®°å½•æ•°: 4950, æ—¥æœŸ: 2025-10-21
2025-10-23 22:49:11,347 - root - INFO - æˆåŠŸè§£æžExcel: 2025-10-22.xlsx, è®°å½•æ•°: 5174, æ—¥æœŸ: 2025-10-22
2025-10-23 22:49:16,177 - root - INFO - åŠ è½½äº† 5152 æ¡æ•°æ®ï¼Œæ—¥æœŸ: 2025-10-22
2025-10-23 22:49:19,522 - root - INFO - åº”ç”¨ç­›é€‰: {'trade_date': '2025-10-22', 'stock_code': None, 'sector': None}
2025-10-23 22:49:21,271 - root - INFO - åº”ç”¨ç­›é€‰: {'trade_date': '2025-10-22', 'stock_code': None, 'sector': None}
2025-10-23 22:49:27,239 - root - INFO - åŠ è½½äº† 5152 æ¡æ•°æ®ï¼Œæ—¥æœŸ: 2025-10-22
2025-10-23 22:49:29,008 - root - INFO - åŠ è½½äº† 5152 æ¡æ•°æ®ï¼Œæ—¥æœŸ: 2025-10-22
2025-10-23 22:49:30,802 - root - INFO - åŠ è½½äº† 5152 æ¡æ•°æ®ï¼Œæ—¥æœŸ: 2025-10-22
2025-10-23 22:49:32,595 - root - INFO - åŠ è½½äº† 5152 æ¡æ•°æ®ï¼Œæ—¥æœŸ: 2025-10-22
2025-10-23 22:49:34,389 - root - INFO - åŠ è½½äº† 5152 æ¡æ•°æ®ï¼Œæ—¥æœŸ: 2025-10-22
2025-10-23 22:49:36,482 - root - INFO - åŠ è½½äº† 5152 æ¡æ•°æ®ï¼Œæ—¥æœŸ: 2025-10-22
2025-10-23 22:49:48,071 - root - INFO - åŠ è½½äº† 5152 æ¡æ•°æ®ï¼Œæ—¥æœŸ: 2025-10-22
2025-10-23 22:55:22,194 - root - INFO - æ•°æ®åº“è¿žæŽ¥å·²å…³é—­
2025-10-23 22:56:16,772 - root - INFO - ==================================================
2025-10-23 22:56:16,772 - root - INFO - è‚¡ç¥¨æ•°æ®åˆ†æžç³»ç»Ÿå¯åŠ¨
2025-10-23 22:56:16,772 - root - INFO - ==================================================
2025-10-23 22:56:16,781 - root - INFO - æ•°æ®åº“åˆå§‹åŒ–æˆåŠŸ
2025-10-23 22:56:18,925 - root - INFO - åŠ è½½äº† 5152 æ¡æ•°æ®ï¼Œæ—¥æœŸ: 2025-10-22
2025-10-23 22:56:19,169 - root - INFO - ä¸»çª—å£å·²æ˜¾ç¤º
2025-10-23 22:56:46,291 - root - INFO - æˆåŠŸè§£æžExcel: 2025-10-09.xlsx, è®°å½•æ•°: 5142, æ—¥æœŸ: 2025-10-09
2025-10-23 22:56:46,852 - root - INFO - æˆåŠŸè§£æžExcel: 2025-10-10.xlsx, è®°å½•æ•°: 5144, æ—¥æœŸ: 2025-10-10
2025-10-23 22:56:47,464 - root - INFO - æˆåŠŸè§£æžExcel: 2025-10-13.xlsx, è®°å½•æ•°: 5147, æ—¥æœŸ: 2025-10-13
2025-10-23 22:56:48,067 - root - INFO - æˆåŠŸè§£æžExcel: 2025-10-14.xlsx, è®°å½•æ•°: 5148, æ—¥æœŸ: 2025-10-14
2025-10-23 22:56:48,652 - root - INFO - æˆåŠŸè§£æžExcel: 2025-10-15.xlsx, è®°å½•æ•°: 5148, æ—¥æœŸ: 2025-10-15
2025-10-23 22:56:49,268 - root - INFO - æˆåŠŸè§£æžExcel: 2025-10-16.xlsx, è®°å½•æ•°: 5151, æ—¥æœŸ: 2025-10-16
2025-10-23 22:56:49,867 - root - INFO - æˆåŠŸè§£æžExcel: 2025-10-17.xlsx, è®°å½•æ•°: 5154, æ—¥æœŸ: 2025-10-17
2025-10-23 22:56:50,472 - root - INFO - æˆåŠŸè§£æžExcel: 2025-10-20.xlsx, è®°å½•æ•°: 5178, æ—¥æœŸ: 2025-10-20
2025-10-23 22:56:51,130 - root - INFO - æˆåŠŸè§£æžExcel: 2025-10-21.xlsx, è®°å½•æ•°: 4950, æ—¥æœŸ: 2025-10-21
2025-10-23 22:56:51,782 - root - INFO - æˆåŠŸè§£æžExcel: 2025-10-22.xlsx, è®°å½•æ•°: 5174, æ—¥æœŸ: 2025-10-22
2025-10-23 22:56:56,941 - root - INFO - åŠ è½½äº† 5152 æ¡æ•°æ®ï¼Œæ—¥æœŸ: 2025-10-22
2025-10-23 22:57:11,452 - root - INFO - åŠ è½½äº† 5152 æ¡æ•°æ®ï¼Œæ—¥æœŸ: 2025-10-22
2025-10-23 22:57:13,164 - root - INFO - åŠ è½½äº† 5152 æ¡æ•°æ®ï¼Œæ—¥æœŸ: 2025-10-22
2025-10-23 22:57:14,891 - root - INFO - åŠ è½½äº† 5152 æ¡æ•°æ®ï¼Œæ—¥æœŸ: 2025-10-22
2025-10-23 22:57:16,610 - root - INFO - åŠ è½½äº† 5152 æ¡æ•°æ®ï¼Œæ—¥æœŸ: 2025-10-22
2025-10-23 22:57:19,650 - root - INFO - æ•°æ®åº“è¿žæŽ¥å·²å…³é—­
2025-10-24 09:45:36,388 - root - INFO - ==================================================
2025-10-24 09:45:36,388 - root - INFO - è‚¡ç¥¨æ•°æ®åˆ†æžç³»ç»Ÿå¯åŠ¨
2025-10-24 09:45:36,389 - root - INFO - ==================================================
2025-10-24 09:45:36,484 - root - INFO - æ•°æ®åº“åˆå§‹åŒ–æˆåŠŸ
2025-10-24 09:45:36,560 - root - WARNING - æ•°æ®åº“ä¸­æ²¡æœ‰æ—¥æœŸæ•°æ®
2025-10-24 09:45:37,195 - root - INFO - ä¸»çª—å£å·²æ˜¾ç¤º
2025-10-24 09:45:56,261 - root - INFO - æˆåŠŸè§£æžExcel: 2025-10-09.xlsx, è®°å½•æ•°: 5142, æ—¥æœŸ: 2025-10-09
2025-10-24 09:45:57,313 - root - INFO - æˆåŠŸè§£æžExcel: 2025-10-10.xlsx, è®°å½•æ•°: 5144, æ—¥æœŸ: 2025-10-10
2025-10-24 09:45:58,445 - root - INFO - æˆåŠŸè§£æžExcel: 2025-10-13.xlsx, è®°å½•æ•°: 5147, æ—¥æœŸ: 2025-10-13
2025-10-24 09:45:59,555 - root - INFO - æˆåŠŸè§£æžExcel: 2025-10-14.xlsx, è®°å½•æ•°: 5148, æ—¥æœŸ: 2025-10-14
2025-10-24 09:46:00,658 - root - INFO - æˆåŠŸè§£æžExcel: 2025-10-15.xlsx, è®°å½•æ•°: 5148, æ—¥æœŸ: 2025-10-15
2025-10-24 09:46:01,760 - root - INFO - æˆåŠŸè§£æžExcel: 2025-10-16.xlsx, è®°å½•æ•°: 5151, æ—¥æœŸ: 2025-10-16
2025-10-24 09:46:02,982 - root - INFO - æˆåŠŸè§£æžExcel: 2025-10-17.xlsx, è®°å½•æ•°: 5154, æ—¥æœŸ: 2025-10-17
2025-10-24 09:46:04,125 - root - INFO - æˆåŠŸè§£æžExcel: 2025-10-20.xlsx, è®°å½•æ•°: 5178, æ—¥æœŸ: 2025-10-20
2025-10-24 09:46:05,406 - root - INFO - æˆåŠŸè§£æžExcel: 2025-10-21.xlsx, è®°å½•æ•°: 4950, æ—¥æœŸ: 2025-10-21
2025-10-24 09:46:06,763 - root - INFO - æˆåŠŸè§£æžExcel: 2025-10-22.xlsx, è®°å½•æ•°: 5174, æ—¥æœŸ: 2025-10-22
2025-10-24 09:46:13,666 - root - INFO - åŠ è½½äº† 5152 æ¡æ•°æ®ï¼Œæ—¥æœŸ: 2025-10-22
2025-10-24 09:46:18,635 - root - INFO - åŠ è½½äº† 5152 æ¡æ•°æ®ï¼Œæ—¥æœŸ: 2025-10-22
2025-10-24 09:46:29,458 - root - INFO - åº”ç”¨ç­›é€‰: {'trade_date': '2025-10-22', 'stock_code': None, 'sector': 'å°ç±³æ¦‚å¿µ'}
2025-10-24 09:46:39,946 - root - INFO - åº”ç”¨ç­›é€‰: {'trade_date': '2025-10-22', 'stock_code': None, 'sector': None}
2025-10-24 09:46:44,762 - root - INFO - åº”ç”¨ç­›é€‰: {'trade_date': '2025-10-22', 'stock_code': None, 'sector': None}
2025-10-24 09:46:49,531 - root - INFO - åº”ç”¨ç­›é€‰: {'trade_date': '2025-10-22', 'stock_code': None, 'sector': None}
2025-10-24 09:46:54,249 - root - INFO - åº”ç”¨ç­›é€‰: {'trade_date': '2025-10-22', 'stock_code': None, 'sector': None}
2025-10-24 09:51:17,817 - root - INFO - åº”ç”¨ç­›é€‰: {'trade_date': '2025-10-09', 'stock_code': '000001', 'sector': None}
2025-10-24 10:10:06,277 - root - INFO - ==================================================
2025-10-24 10:10:06,277 - root - INFO - è‚¡ç¥¨æ•°æ®åˆ†æžç³»ç»Ÿå¯åŠ¨
2025-10-24 10:10:06,278 - root - INFO - ==================================================
2025-10-24 10:10:06,304 - root - INFO - æ•°æ®åº“åˆå§‹åŒ–æˆåŠŸ
2025-10-24 10:10:11,354 - root - INFO - åŠ è½½äº† 5152 æ¡æ•°æ®ï¼Œæ—¥æœŸ: 2025-10-22
2025-10-24 10:10:11,879 - root - INFO - ä¸»çª—å£å·²æ˜¾ç¤º
2025-10-24 10:10:19,502 - root - INFO - åº”ç”¨ç­›é€‰: {'trade_date': '2025-10-22', 'stock_code': None, 'sector': None}
2025-10-24 10:10:30,377 - root - INFO - 
================================================================================
2025-10-24 10:10:30,378 - root - INFO - ðŸ“ å¼€å§‹è§£æžExcelæ–‡ä»¶: 2025-10-09.xlsx
2025-10-24 10:10:30,378 - root - INFO - ================================================================================
2025-10-24 10:10:30,378 - root - INFO - ðŸ“Š Excelæ•°æ®å½¢çŠ¶: 5142 è¡Œ Ã— 16 åˆ—
2025-10-24 10:10:30,381 - root - INFO - ðŸ“‹ Excelåˆ—ååˆ—è¡¨ï¼ˆå…±16åˆ—ï¼‰:
2025-10-24 10:10:30,381 - root - INFO -      1. è‚¡ç¥¨ä»£ç 
2025-10-24 10:10:30,381 - root - INFO -      2. è‚¡ç¥¨åç§°
2025-10-24 10:10:30,381 - root - INFO -      3. å½“å‰ä»·æ ¼
2025-10-24 10:10:30,382 - root - INFO -      4. æ¶¨å¹…
2025-10-24 10:10:30,382 - root - INFO -      5. æè¿°
2025-10-24 10:10:30,382 - root - INFO -      6. æ¿å—
2025-10-24 10:10:30,382 - root - INFO -      7. ä¸»åŠ›å‡€é¢
2025-10-24 10:10:30,382 - root - INFO -      8. æˆäº¤é¢
2025-10-24 10:10:30,382 - root - INFO -      9. å®žæµå¸‚å€¼
2025-10-24 10:10:30,382 - root - INFO -     10. å‡€æµå æ¯”
2025-10-24 10:10:30,382 - root - INFO -     11. å‡€æˆå æ¯”
2025-10-24 10:10:30,383 - root - INFO -     12. å®žæ¢æ‰‹çŽ‡
2025-10-24 10:10:30,384 - root - INFO -     13. æ¢æ‰‹çŽ‡
2025-10-24 10:10:30,384 - root - INFO -     14. é‡æ¯”
2025-10-24 10:10:30,385 - root - INFO -     15. äººæ°”å€¼
2025-10-24 10:10:30,385 - root - INFO -     16. äº¤æ˜“æ—¥æœŸ
2025-10-24 10:10:30,385 - root - INFO - 
ðŸ’¡ ç¬¬ä¸€è¡Œæ•°æ®ç¤ºä¾‹:
2025-10-24 10:10:30,386 - root - INFO -     è‚¡ç¥¨ä»£ç : 1
2025-10-24 10:10:30,386 - root - INFO -     è‚¡ç¥¨åç§°: å¹³å®‰é“¶è¡Œ
2025-10-24 10:10:30,386 - root - INFO -     å½“å‰ä»·æ ¼: 11.33
2025-10-24 10:10:30,386 - root - INFO -     æ¶¨å¹…: -0.09
2025-10-24 10:10:30,386 - root - INFO -     æè¿°: nan
2025-10-24 10:10:30,387 - root - INFO -     æ¿å—: é“¶è¡Œã€æ·±åœ³
2025-10-24 10:10:30,387 - root - INFO -     ä¸»åŠ›å‡€é¢: 31ä¸‡
2025-10-24 10:10:30,387 - root - INFO -     æˆäº¤é¢: 932ä¸‡
2025-10-24 10:10:30,388 - root - INFO -     å®žæµå¸‚å€¼: 972.8äº¿
2025-10-24 10:10:30,388 - root - INFO -     å‡€æµå æ¯”: 0.0
2025-10-24 10:10:30,388 - root - INFO -     ... (è¿˜æœ‰ 6 åˆ—)
2025-10-24 10:10:30,388 - root - INFO - âœ“ ä»Žæ–‡ä»¶åæå–æ—¥æœŸ: 2025-10-09
2025-10-24 10:10:30,389 - root - INFO - 
ðŸ”„ å¼€å§‹åˆ—åæ˜ å°„...
2025-10-24 10:10:30,390 - root - INFO -     âœ“ æ˜ å°„: 'è‚¡ç¥¨ä»£ç ' -> 'stock_code'
2025-10-24 10:10:30,391 - root - INFO -     âœ“ æ˜ å°„: 'è‚¡ç¥¨åç§°' -> 'stock_name'
2025-10-24 10:10:30,391 - root - INFO -     âœ“ æ˜ å°„: 'å½“å‰ä»·æ ¼' -> 'current_price'
2025-10-24 10:10:30,391 - root - INFO -     âœ“ æ˜ å°„: 'æ¶¨å¹…' -> 'price_change'
2025-10-24 10:10:30,392 - root - INFO -     âœ“ æ˜ å°„: 'æè¿°' -> 'description'
2025-10-24 10:10:30,392 - root - INFO -     âœ“ æ˜ å°„: 'æ¿å—' -> 'sector'
2025-10-24 10:10:30,392 - root - INFO -     âœ“ æ˜ å°„: 'ä¸»åŠ›å‡€é¢' -> 'main_net_amount'
2025-10-24 10:10:30,393 - root - INFO -     âœ“ æ˜ å°„: 'æˆäº¤é¢' -> 'auction_today_volume'
2025-10-24 10:10:30,393 - root - INFO -     âœ“ æ˜ å°„: 'å®žæµå¸‚å€¼' -> 'real_market_value'
2025-10-24 10:10:30,394 - root - INFO -     âœ“ æ˜ å°„: 'å‡€æµå æ¯”' -> 'flow_ratio'
2025-10-24 10:10:30,394 - root - INFO -     âœ“ æ˜ å°„: 'å‡€æˆå æ¯”' -> 'net_ratio'
2025-10-24 10:10:30,394 - root - INFO -     âœ“ æ˜ å°„: 'å®žæ¢æ‰‹çŽ‡' -> 'real_turnover_rate'
2025-10-24 10:10:30,395 - root - INFO -     âœ“ æ˜ å°„: 'æ¢æ‰‹çŽ‡' -> 'turnover_rate'
2025-10-24 10:10:30,416 - root - INFO -     âœ“ æ˜ å°„: 'é‡æ¯”' -> 'volume_ratio'
2025-10-24 10:10:30,417 - root - INFO -     âœ“ æ˜ å°„: 'äººæ°”å€¼' -> 'popularity_value'
2025-10-24 10:10:30,417 - root - INFO -     âœ“ æ˜ å°„: 'äº¤æ˜“æ—¥æœŸ' -> 'trade_date'
2025-10-24 10:10:30,418 - root - INFO - 
ðŸ“Š åˆ—æ˜ å°„ç»Ÿè®¡:
2025-10-24 10:10:30,418 - root - INFO -     - Excelæ€»åˆ—æ•°: 16
2025-10-24 10:10:30,418 - root - INFO -     - æˆåŠŸæ˜ å°„: 16 åˆ—
2025-10-24 10:10:30,419 - root - INFO -     - æœªæ˜ å°„: 0 åˆ—
2025-10-24 10:10:30,419 - root - INFO -     - ç»“æžœåˆ—æ•°: 16
2025-10-24 10:10:30,419 - root - INFO - 
ðŸ§¹ å¼€å§‹æ•°æ®æ¸…æ´—...
2025-10-24 10:10:30,464 - root - INFO - 
ðŸ’¾ æ¸…æ´—åŽçš„æ•°æ®ç¤ºä¾‹ï¼ˆç¬¬ä¸€è¡Œï¼‰:
2025-10-24 10:10:30,465 - root - INFO -     stock_code: 000001
2025-10-24 10:10:30,467 - root - INFO -     stock_name: å¹³å®‰é“¶è¡Œ
2025-10-24 10:10:30,467 - root - INFO -     current_price: 11.33
2025-10-24 10:10:30,468 - root - INFO -     price_change: -0.09
2025-10-24 10:10:30,468 - root - INFO -     description: nan
2025-10-24 10:10:30,468 - root - INFO -     sector: é“¶è¡Œã€æ·±åœ³
2025-10-24 10:10:30,469 - root - INFO -     main_net_amount: 31.0
2025-10-24 10:10:30,469 - root - INFO -     auction_today_volume: 932.0
2025-10-24 10:10:30,469 - root - INFO -     real_market_value: 9728000.0
2025-10-24 10:10:30,469 - root - INFO -     flow_ratio: 0.0
2025-10-24 10:10:30,470 - root - INFO -     ... (è¿˜æœ‰ 6 åˆ—)
2025-10-24 10:10:30,470 - root - INFO - 
âœ… Excelè§£æžå®Œæˆ: 2025-10-09.xlsx
2025-10-24 10:10:30,470 - root - INFO -    - å¯¼å…¥è®°å½•æ•°: 5142
2025-10-24 10:10:30,470 - root - INFO -    - äº¤æ˜“æ—¥æœŸ: 2025-10-09
2025-10-24 10:10:30,471 - root - INFO - ================================================================================

2025-10-24 10:10:31,987 - root - INFO - 
================================================================================
2025-10-24 10:10:31,987 - root - INFO - ðŸ“ å¼€å§‹è§£æžExcelæ–‡ä»¶: 2025-10-10.xlsx
2025-10-24 10:10:31,990 - root - INFO - ================================================================================
2025-10-24 10:10:31,991 - root - INFO - ðŸ“Š Excelæ•°æ®å½¢çŠ¶: 5144 è¡Œ Ã— 16 åˆ—
2025-10-24 10:10:31,992 - root - INFO - ðŸ“‹ Excelåˆ—ååˆ—è¡¨ï¼ˆå…±16åˆ—ï¼‰:
2025-10-24 10:10:31,992 - root - INFO -      1. è‚¡ç¥¨ä»£ç 
2025-10-24 10:10:31,992 - root - INFO -      2. è‚¡ç¥¨åç§°
2025-10-24 10:10:31,993 - root - INFO -      3. å½“å‰ä»·æ ¼
2025-10-24 10:10:31,993 - root - INFO -      4. æ¶¨å¹…
2025-10-24 10:10:31,993 - root - INFO -      5. æè¿°
2025-10-24 10:10:31,994 - root - INFO -      6. æ¿å—
2025-10-24 10:10:31,995 - root - INFO -      7. ä¸»åŠ›å‡€é¢
2025-10-24 10:10:31,996 - root - INFO -      8. æˆäº¤é¢
2025-10-24 10:10:31,998 - root - INFO -      9. å®žæµå¸‚å€¼
2025-10-24 10:10:31,999 - root - INFO -     10. å‡€æµå æ¯”
2025-10-24 10:10:32,000 - root - INFO -     11. å‡€æˆå æ¯”
2025-10-24 10:10:32,001 - root - INFO -     12. å®žæ¢æ‰‹çŽ‡
2025-10-24 10:10:32,002 - root - INFO -     13. æ¢æ‰‹çŽ‡
2025-10-24 10:10:32,007 - root - INFO -     14. é‡æ¯”
2025-10-24 10:10:32,008 - root - INFO -     15. äººæ°”å€¼
2025-10-24 10:10:32,009 - root - INFO -     16. äº¤æ˜“æ—¥æœŸ
2025-10-24 10:10:32,010 - root - INFO - 
ðŸ’¡ ç¬¬ä¸€è¡Œæ•°æ®ç¤ºä¾‹:
2025-10-24 10:10:32,012 - root - INFO -     è‚¡ç¥¨ä»£ç : 600519
2025-10-24 10:10:32,013 - root - INFO -     è‚¡ç¥¨åç§°: è´µå·žèŒ…å°
2025-10-24 10:10:32,014 - root - INFO -     å½“å‰ä»·æ ¼: 1437.6
2025-10-24 10:10:32,016 - root - INFO -     æ¶¨å¹…: 0.06
2025-10-24 10:10:32,017 - root - INFO -     æè¿°: nan
2025-10-24 10:10:32,021 - root - INFO -     æ¿å—: ç™½é…’ã€ä¸­æŠ¥å¢žé•¿
2025-10-24 10:10:32,024 - root - INFO -     ä¸»åŠ›å‡€é¢: 246ä¸‡
2025-10-24 10:10:32,025 - root - INFO -     æˆäº¤é¢: 3236ä¸‡
2025-10-24 10:10:32,026 - root - INFO -     å®žæµå¸‚å€¼: 7185.5äº¿
2025-10-24 10:10:32,027 - root - INFO -     å‡€æµå æ¯”: 0.0
2025-10-24 10:10:32,029 - root - INFO -     ... (è¿˜æœ‰ 6 åˆ—)
2025-10-24 10:10:32,030 - root - INFO - âœ“ ä»Žæ–‡ä»¶åæå–æ—¥æœŸ: 2025-10-10
2025-10-24 10:10:32,032 - root - INFO - 
ðŸ”„ å¼€å§‹åˆ—åæ˜ å°„...
2025-10-24 10:10:32,034 - root - INFO -     âœ“ æ˜ å°„: 'è‚¡ç¥¨ä»£ç ' -> 'stock_code'
2025-10-24 10:10:32,038 - root - INFO -     âœ“ æ˜ å°„: 'è‚¡ç¥¨åç§°' -> 'stock_name'
2025-10-24 10:10:32,038 - root - INFO -     âœ“ æ˜ å°„: 'å½“å‰ä»·æ ¼' -> 'current_price'
2025-10-24 10:10:32,040 - root - INFO -     âœ“ æ˜ å°„: 'æ¶¨å¹…' -> 'price_change'
2025-10-24 10:10:32,040 - root - INFO -     âœ“ æ˜ å°„: 'æè¿°' -> 'description'
2025-10-24 10:10:32,042 - root - INFO -     âœ“ æ˜ å°„: 'æ¿å—' -> 'sector'
2025-10-24 10:10:32,043 - root - INFO -     âœ“ æ˜ å°„: 'ä¸»åŠ›å‡€é¢' -> 'main_net_amount'
2025-10-24 10:10:32,044 - root - INFO -     âœ“ æ˜ å°„: 'æˆäº¤é¢' -> 'auction_today_volume'
2025-10-24 10:10:32,045 - root - INFO -     âœ“ æ˜ å°„: 'å®žæµå¸‚å€¼' -> 'real_market_value'
2025-10-24 10:10:32,048 - root - INFO -     âœ“ æ˜ å°„: 'å‡€æµå æ¯”' -> 'flow_ratio'
2025-10-24 10:10:32,049 - root - INFO -     âœ“ æ˜ å°„: 'å‡€æˆå æ¯”' -> 'net_ratio'
2025-10-24 10:10:32,058 - root - INFO -     âœ“ æ˜ å°„: 'å®žæ¢æ‰‹çŽ‡' -> 'real_turnover_rate'
2025-10-24 10:10:32,059 - root - INFO -     âœ“ æ˜ å°„: 'æ¢æ‰‹çŽ‡' -> 'turnover_rate'
2025-10-24 10:10:32,061 - root - INFO -     âœ“ æ˜ å°„: 'é‡æ¯”' -> 'volume_ratio'
2025-10-24 10:10:32,064 - root - INFO -     âœ“ æ˜ å°„: 'äººæ°”å€¼' -> 'popularity_value'
2025-10-24 10:10:32,066 - root - INFO -     âœ“ æ˜ å°„: 'äº¤æ˜“æ—¥æœŸ' -> 'trade_date'
2025-10-24 10:10:32,067 - root - INFO - 
ðŸ“Š åˆ—æ˜ å°„ç»Ÿè®¡:
2025-10-24 10:10:32,068 - root - INFO -     - Excelæ€»åˆ—æ•°: 16
2025-10-24 10:10:32,069 - root - INFO -     - æˆåŠŸæ˜ å°„: 16 åˆ—
2025-10-24 10:10:32,069 - root - INFO -     - æœªæ˜ å°„: 0 åˆ—
2025-10-24 10:10:32,070 - root - INFO -     - ç»“æžœåˆ—æ•°: 16
2025-10-24 10:10:32,070 - root - INFO - 
ðŸ§¹ å¼€å§‹æ•°æ®æ¸…æ´—...
2025-10-24 10:10:32,118 - root - INFO - 
ðŸ’¾ æ¸…æ´—åŽçš„æ•°æ®ç¤ºä¾‹ï¼ˆç¬¬ä¸€è¡Œï¼‰:
2025-10-24 10:10:32,118 - root - INFO -     stock_code: 600519
2025-10-24 10:10:32,120 - root - INFO -     stock_name: è´µå·žèŒ…å°
2025-10-24 10:10:32,121 - root - INFO -     current_price: 1437.6
2025-10-24 10:10:32,121 - root - INFO -     price_change: 0.06
2025-10-24 10:10:32,122 - root - INFO -     description: nan
2025-10-24 10:10:32,122 - root - INFO -     sector: ç™½é…’ã€ä¸­æŠ¥å¢žé•¿
2025-10-24 10:10:32,122 - root - INFO -     main_net_amount: 246.0
2025-10-24 10:10:32,123 - root - INFO -     auction_today_volume: 3236.0
2025-10-24 10:10:32,123 - root - INFO -     real_market_value: 71855000.0
2025-10-24 10:10:32,123 - root - INFO -     flow_ratio: 0.0
2025-10-24 10:10:32,123 - root - INFO -     ... (è¿˜æœ‰ 6 åˆ—)
2025-10-24 10:10:32,124 - root - INFO - 
âœ… Excelè§£æžå®Œæˆ: 2025-10-10.xlsx
2025-10-24 10:10:32,124 - root - INFO -    - å¯¼å…¥è®°å½•æ•°: 5144
2025-10-24 10:10:32,124 - root - INFO -    - äº¤æ˜“æ—¥æœŸ: 2025-10-10
2025-10-24 10:10:32,125 - root - INFO - ================================================================================

2025-10-24 10:10:33,720 - root - INFO - 
================================================================================
2025-10-24 10:10:33,720 - root - INFO - ðŸ“ å¼€å§‹è§£æžExcelæ–‡ä»¶: 2025-10-13.xlsx
2025-10-24 10:10:33,724 - root - INFO - ================================================================================
2025-10-24 10:10:33,725 - root - INFO - ðŸ“Š Excelæ•°æ®å½¢çŠ¶: 5147 è¡Œ Ã— 16 åˆ—
2025-10-24 10:10:33,726 - root - INFO - ðŸ“‹ Excelåˆ—ååˆ—è¡¨ï¼ˆå…±16åˆ—ï¼‰:
2025-10-24 10:10:33,726 - root - INFO -      1. è‚¡ç¥¨ä»£ç 
2025-10-24 10:10:33,726 - root - INFO -      2. è‚¡ç¥¨åç§°
2025-10-24 10:10:33,727 - root - INFO -      3. å½“å‰ä»·æ ¼
2025-10-24 10:10:33,727 - root - INFO -      4. æ¶¨å¹…
2025-10-24 10:10:33,728 - root - INFO -      5. æè¿°
2025-10-24 10:10:33,728 - root - INFO -      6. æ¿å—
2025-10-24 10:10:33,728 - root - INFO -      7. ä¸»åŠ›å‡€é¢
2025-10-24 10:10:33,729 - root - INFO -      8. æˆäº¤é¢
2025-10-24 10:10:33,729 - root - INFO -      9. å®žæµå¸‚å€¼
2025-10-24 10:10:33,729 - root - INFO -     10. å‡€æµå æ¯”
2025-10-24 10:10:33,730 - root - INFO -     11. å‡€æˆå æ¯”
2025-10-24 10:10:33,730 - root - INFO -     12. å®žæ¢æ‰‹çŽ‡
2025-10-24 10:10:33,731 - root - INFO -     13. æ¢æ‰‹çŽ‡
2025-10-24 10:10:33,731 - root - INFO -     14. é‡æ¯”
2025-10-24 10:10:33,731 - root - INFO -     15. äººæ°”å€¼
2025-10-24 10:10:33,732 - root - INFO -     16. äº¤æ˜“æ—¥æœŸ
2025-10-24 10:10:33,732 - root - INFO - 
ðŸ’¡ ç¬¬ä¸€è¡Œæ•°æ®ç¤ºä¾‹:
2025-10-24 10:10:33,733 - root - INFO -     è‚¡ç¥¨ä»£ç : 600010
2025-10-24 10:10:33,733 - root - INFO -     è‚¡ç¥¨åç§°: åŒ…é’¢è‚¡ä»½
2025-10-24 10:10:33,733 - root - INFO -     å½“å‰ä»·æ ¼: 2.79
2025-10-24 10:10:33,739 - root - INFO -     æ¶¨å¹…: 9.84
2025-10-24 10:10:33,740 - root - INFO -     æè¿°:   é¦–æ¿ 
2025-10-24 10:10:33,740 - root - INFO -     æ¿å—: ç¨€åœŸæ°¸ç£ã€é“çŸ¿çŸ³
2025-10-24 10:10:33,740 - root - INFO -     ä¸»åŠ›å‡€é¢: 2.7äº¿
2025-10-24 10:10:33,741 - root - INFO -     æˆäº¤é¢: 7.9äº¿
2025-10-24 10:10:33,741 - root - INFO -     å®žæµå¸‚å€¼: 563.7äº¿
2025-10-24 10:10:33,741 - root - INFO -     å‡€æµå æ¯”: 0.47
2025-10-24 10:10:33,742 - root - INFO -     ... (è¿˜æœ‰ 6 åˆ—)
2025-10-24 10:10:33,742 - root - INFO - âœ“ ä»Žæ–‡ä»¶åæå–æ—¥æœŸ: 2025-10-13
2025-10-24 10:10:33,742 - root - INFO - 
ðŸ”„ å¼€å§‹åˆ—åæ˜ å°„...
2025-10-24 10:10:33,743 - root - INFO -     âœ“ æ˜ å°„: 'è‚¡ç¥¨ä»£ç ' -> 'stock_code'
2025-10-24 10:10:33,744 - root - INFO -     âœ“ æ˜ å°„: 'è‚¡ç¥¨åç§°' -> 'stock_name'
2025-10-24 10:10:33,744 - root - INFO -     âœ“ æ˜ å°„: 'å½“å‰ä»·æ ¼' -> 'current_price'
2025-10-24 10:10:33,745 - root - INFO -     âœ“ æ˜ å°„: 'æ¶¨å¹…' -> 'price_change'
2025-10-24 10:10:33,745 - root - INFO -     âœ“ æ˜ å°„: 'æè¿°' -> 'description'
2025-10-24 10:10:33,746 - root - INFO -     âœ“ æ˜ å°„: 'æ¿å—' -> 'sector'
2025-10-24 10:10:33,748 - root - INFO -     âœ“ æ˜ å°„: 'ä¸»åŠ›å‡€é¢' -> 'main_net_amount'
2025-10-24 10:10:33,749 - root - INFO -     âœ“ æ˜ å°„: 'æˆäº¤é¢' -> 'auction_today_volume'
2025-10-24 10:10:33,749 - root - INFO -     âœ“ æ˜ å°„: 'å®žæµå¸‚å€¼' -> 'real_market_value'
2025-10-24 10:10:33,760 - root - INFO -     âœ“ æ˜ å°„: 'å‡€æµå æ¯”' -> 'flow_ratio'
2025-10-24 10:10:33,760 - root - INFO -     âœ“ æ˜ å°„: 'å‡€æˆå æ¯”' -> 'net_ratio'
2025-10-24 10:10:33,761 - root - INFO -     âœ“ æ˜ å°„: 'å®žæ¢æ‰‹çŽ‡' -> 'real_turnover_rate'
2025-10-24 10:10:33,761 - root - INFO -     âœ“ æ˜ å°„: 'æ¢æ‰‹çŽ‡' -> 'turnover_rate'
2025-10-24 10:10:33,762 - root - INFO -     âœ“ æ˜ å°„: 'é‡æ¯”' -> 'volume_ratio'
2025-10-24 10:10:33,763 - root - INFO -     âœ“ æ˜ å°„: 'äººæ°”å€¼' -> 'popularity_value'
2025-10-24 10:10:33,763 - root - INFO -     âœ“ æ˜ å°„: 'äº¤æ˜“æ—¥æœŸ' -> 'trade_date'
2025-10-24 10:10:33,765 - root - INFO - 
ðŸ“Š åˆ—æ˜ å°„ç»Ÿè®¡:
2025-10-24 10:10:33,767 - root - INFO -     - Excelæ€»åˆ—æ•°: 16
2025-10-24 10:10:33,771 - root - INFO -     - æˆåŠŸæ˜ å°„: 16 åˆ—
2025-10-24 10:10:33,773 - root - INFO -     - æœªæ˜ å°„: 0 åˆ—
2025-10-24 10:10:33,773 - root - INFO -     - ç»“æžœåˆ—æ•°: 16
2025-10-24 10:10:33,774 - root - INFO - 
ðŸ§¹ å¼€å§‹æ•°æ®æ¸…æ´—...
2025-10-24 10:10:33,823 - root - INFO - 
ðŸ’¾ æ¸…æ´—åŽçš„æ•°æ®ç¤ºä¾‹ï¼ˆç¬¬ä¸€è¡Œï¼‰:
2025-10-24 10:10:33,824 - root - INFO -     stock_code: 600010
2025-10-24 10:10:33,827 - root - INFO -     stock_name: åŒ…é’¢è‚¡ä»½
2025-10-24 10:10:33,827 - root - INFO -     current_price: 2.79
2025-10-24 10:10:33,827 - root - INFO -     price_change: 9.84
2025-10-24 10:10:33,828 - root - INFO -     description:   é¦–æ¿ 
2025-10-24 10:10:33,828 - root - INFO -     sector: ç¨€åœŸæ°¸ç£ã€é“çŸ¿çŸ³
2025-10-24 10:10:33,829 - root - INFO -     main_net_amount: 27000.0
2025-10-24 10:10:33,829 - root - INFO -     auction_today_volume: 79000.0
2025-10-24 10:10:33,829 - root - INFO -     real_market_value: 5637000.0
2025-10-24 10:10:33,830 - root - INFO -     flow_ratio: 0.47
2025-10-24 10:10:33,830 - root - INFO -     ... (è¿˜æœ‰ 6 åˆ—)
2025-10-24 10:10:33,830 - root - INFO - 
âœ… Excelè§£æžå®Œæˆ: 2025-10-13.xlsx
2025-10-24 10:10:33,831 - root - INFO -    - å¯¼å…¥è®°å½•æ•°: 5147
2025-10-24 10:10:33,831 - root - INFO -    - äº¤æ˜“æ—¥æœŸ: 2025-10-13
2025-10-24 10:10:33,831 - root - INFO - ================================================================================

2025-10-24 10:10:35,394 - root - INFO - 
================================================================================
2025-10-24 10:10:35,394 - root - INFO - ðŸ“ å¼€å§‹è§£æžExcelæ–‡ä»¶: 2025-10-14.xlsx
2025-10-24 10:10:35,395 - root - INFO - ================================================================================
2025-10-24 10:10:35,396 - root - INFO - ðŸ“Š Excelæ•°æ®å½¢çŠ¶: 5148 è¡Œ Ã— 16 åˆ—
2025-10-24 10:10:35,396 - root - INFO - ðŸ“‹ Excelåˆ—ååˆ—è¡¨ï¼ˆå…±16åˆ—ï¼‰:
2025-10-24 10:10:35,397 - root - INFO -      1. è‚¡ç¥¨ä»£ç 
2025-10-24 10:10:35,397 - root - INFO -      2. è‚¡ç¥¨åç§°
2025-10-24 10:10:35,397 - root - INFO -      3. å½“å‰ä»·æ ¼
2025-10-24 10:10:35,398 - root - INFO -      4. æ¶¨å¹…
2025-10-24 10:10:35,398 - root - INFO -      5. æè¿°
2025-10-24 10:10:35,398 - root - INFO -      6. æ¿å—
2025-10-24 10:10:35,399 - root - INFO -      7. ä¸»åŠ›å‡€é¢
2025-10-24 10:10:35,399 - root - INFO -      8. æˆäº¤é¢
2025-10-24 10:10:35,399 - root - INFO -      9. å®žæµå¸‚å€¼
2025-10-24 10:10:35,399 - root - INFO -     10. å‡€æµå æ¯”
2025-10-24 10:10:35,400 - root - INFO -     11. å‡€æˆå æ¯”
2025-10-24 10:10:35,400 - root - INFO -     12. å®žæ¢æ‰‹çŽ‡
2025-10-24 10:10:35,400 - root - INFO -     13. æ¢æ‰‹çŽ‡
2025-10-24 10:10:35,400 - root - INFO -     14. é‡æ¯”
2025-10-24 10:10:35,401 - root - INFO -     15. äººæ°”å€¼
2025-10-24 10:10:35,401 - root - INFO -     16. äº¤æ˜“æ—¥æœŸ
2025-10-24 10:10:35,401 - root - INFO - 
ðŸ’¡ ç¬¬ä¸€è¡Œæ•°æ®ç¤ºä¾‹:
2025-10-24 10:10:35,402 - root - INFO -     è‚¡ç¥¨ä»£ç : 63
2025-10-24 10:10:35,402 - root - INFO -     è‚¡ç¥¨åç§°: ä¸­å…´é€šè®¯
2025-10-24 10:10:35,402 - root - INFO -     å½“å‰ä»·æ ¼: 54.11
2025-10-24 10:10:35,403 - root - INFO -     æ¶¨å¹…: 0.82
2025-10-24 10:10:35,403 - root - INFO -     æè¿°: nan
2025-10-24 10:10:35,403 - root - INFO -     æ¿å—: äº¤æ¢æœºã€æ¶²å†·
2025-10-24 10:10:35,404 - root - INFO -     ä¸»åŠ›å‡€é¢: 6732ä¸‡
2025-10-24 10:10:35,404 - root - INFO -     æˆäº¤é¢: 2.1äº¿
2025-10-24 10:10:35,404 - root - INFO -     å®žæµå¸‚å€¼: 2203.0äº¿
2025-10-24 10:10:35,405 - root - INFO -     å‡€æµå æ¯”: 0.03
2025-10-24 10:10:35,405 - root - INFO -     ... (è¿˜æœ‰ 6 åˆ—)
2025-10-24 10:10:35,405 - root - INFO - âœ“ ä»Žæ–‡ä»¶åæå–æ—¥æœŸ: 2025-10-14
2025-10-24 10:10:35,410 - root - INFO - 
ðŸ”„ å¼€å§‹åˆ—åæ˜ å°„...
2025-10-24 10:10:35,411 - root - INFO -     âœ“ æ˜ å°„: 'è‚¡ç¥¨ä»£ç ' -> 'stock_code'
2025-10-24 10:10:35,411 - root - INFO -     âœ“ æ˜ å°„: 'è‚¡ç¥¨åç§°' -> 'stock_name'
2025-10-24 10:10:35,412 - root - INFO -     âœ“ æ˜ å°„: 'å½“å‰ä»·æ ¼' -> 'current_price'
2025-10-24 10:10:35,412 - root - INFO -     âœ“ æ˜ å°„: 'æ¶¨å¹…' -> 'price_change'
2025-10-24 10:10:35,413 - root - INFO -     âœ“ æ˜ å°„: 'æè¿°' -> 'description'
2025-10-24 10:10:35,414 - root - INFO -     âœ“ æ˜ å°„: 'æ¿å—' -> 'sector'
2025-10-24 10:10:35,415 - root - INFO -     âœ“ æ˜ å°„: 'ä¸»åŠ›å‡€é¢' -> 'main_net_amount'
2025-10-24 10:10:35,415 - root - INFO -     âœ“ æ˜ å°„: 'æˆäº¤é¢' -> 'auction_today_volume'
2025-10-24 10:10:35,415 - root - INFO -     âœ“ æ˜ å°„: 'å®žæµå¸‚å€¼' -> 'real_market_value'
2025-10-24 10:10:35,416 - root - INFO -     âœ“ æ˜ å°„: 'å‡€æµå æ¯”' -> 'flow_ratio'
2025-10-24 10:10:35,416 - root - INFO -     âœ“ æ˜ å°„: 'å‡€æˆå æ¯”' -> 'net_ratio'
2025-10-24 10:10:35,417 - root - INFO -     âœ“ æ˜ å°„: 'å®žæ¢æ‰‹çŽ‡' -> 'real_turnover_rate'
2025-10-24 10:10:35,417 - root - INFO -     âœ“ æ˜ å°„: 'æ¢æ‰‹çŽ‡' -> 'turnover_rate'
2025-10-24 10:10:35,417 - root - INFO -     âœ“ æ˜ å°„: 'é‡æ¯”' -> 'volume_ratio'
2025-10-24 10:10:35,418 - root - INFO -     âœ“ æ˜ å°„: 'äººæ°”å€¼' -> 'popularity_value'
2025-10-24 10:10:35,418 - root - INFO -     âœ“ æ˜ å°„: 'äº¤æ˜“æ—¥æœŸ' -> 'trade_date'
2025-10-24 10:10:35,418 - root - INFO - 
ðŸ“Š åˆ—æ˜ å°„ç»Ÿè®¡:
2025-10-24 10:10:35,419 - root - INFO -     - Excelæ€»åˆ—æ•°: 16
2025-10-24 10:10:35,419 - root - INFO -     - æˆåŠŸæ˜ å°„: 16 åˆ—
2025-10-24 10:10:35,419 - root - INFO -     - æœªæ˜ å°„: 0 åˆ—
2025-10-24 10:10:35,420 - root - INFO -     - ç»“æžœåˆ—æ•°: 16
2025-10-24 10:10:35,420 - root - INFO - 
ðŸ§¹ å¼€å§‹æ•°æ®æ¸…æ´—...
2025-10-24 10:10:35,464 - root - INFO - 
ðŸ’¾ æ¸…æ´—åŽçš„æ•°æ®ç¤ºä¾‹ï¼ˆç¬¬ä¸€è¡Œï¼‰:
2025-10-24 10:10:35,465 - root - INFO -     stock_code: 000063
2025-10-24 10:10:35,467 - root - INFO -     stock_name: ä¸­å…´é€šè®¯
2025-10-24 10:10:35,467 - root - INFO -     current_price: 54.11
2025-10-24 10:10:35,468 - root - INFO -     price_change: 0.82
2025-10-24 10:10:35,468 - root - INFO -     description: nan
2025-10-24 10:10:35,468 - root - INFO -     sector: äº¤æ¢æœºã€æ¶²å†·
2025-10-24 10:10:35,468 - root - INFO -     main_net_amount: 6732.0
2025-10-24 10:10:35,471 - root - INFO -     auction_today_volume: 21000.0
2025-10-24 10:10:35,471 - root - INFO -     real_market_value: 22030000.0
2025-10-24 10:10:35,472 - root - INFO -     flow_ratio: 0.03
2025-10-24 10:10:35,472 - root - INFO -     ... (è¿˜æœ‰ 6 åˆ—)
2025-10-24 10:10:35,472 - root - INFO - 
âœ… Excelè§£æžå®Œæˆ: 2025-10-14.xlsx
2025-10-24 10:10:35,473 - root - INFO -    - å¯¼å…¥è®°å½•æ•°: 5148
2025-10-24 10:10:35,473 - root - INFO -    - äº¤æ˜“æ—¥æœŸ: 2025-10-14
2025-10-24 10:10:35,473 - root - INFO - ================================================================================

2025-10-24 10:10:37,018 - root - INFO - 
================================================================================
2025-10-24 10:10:37,018 - root - INFO - ðŸ“ å¼€å§‹è§£æžExcelæ–‡ä»¶: 2025-10-15.xlsx
2025-10-24 10:10:37,021 - root - INFO - ================================================================================
2025-10-24 10:10:37,022 - root - INFO - ðŸ“Š Excelæ•°æ®å½¢çŠ¶: 5148 è¡Œ Ã— 16 åˆ—
2025-10-24 10:10:37,023 - root - INFO - ðŸ“‹ Excelåˆ—ååˆ—è¡¨ï¼ˆå…±16åˆ—ï¼‰:
2025-10-24 10:10:37,025 - root - INFO -      1. è‚¡ç¥¨ä»£ç 
2025-10-24 10:10:37,027 - root - INFO -      2. è‚¡ç¥¨åç§°
2025-10-24 10:10:37,028 - root - INFO -      3. å½“å‰ä»·æ ¼
2025-10-24 10:10:37,030 - root - INFO -      4. æ¶¨å¹…
2025-10-24 10:10:37,034 - root - INFO -      5. æè¿°
2025-10-24 10:10:37,035 - root - INFO -      6. æ¿å—
2025-10-24 10:10:37,036 - root - INFO -      7. ä¸»åŠ›å‡€é¢
2025-10-24 10:10:37,037 - root - INFO -      8. æˆäº¤é¢
2025-10-24 10:10:37,039 - root - INFO -      9. å®žæµå¸‚å€¼
2025-10-24 10:10:37,040 - root - INFO -     10. å‡€æµå æ¯”
2025-10-24 10:10:37,041 - root - INFO -     11. å‡€æˆå æ¯”
2025-10-24 10:10:37,042 - root - INFO -     12. å®žæ¢æ‰‹çŽ‡
2025-10-24 10:10:37,044 - root - INFO -     13. æ¢æ‰‹çŽ‡
2025-10-24 10:10:37,047 - root - INFO -     14. é‡æ¯”
2025-10-24 10:10:37,048 - root - INFO -     15. äººæ°”å€¼
2025-10-24 10:10:37,049 - root - INFO -     16. äº¤æ˜“æ—¥æœŸ
2025-10-24 10:10:37,052 - root - INFO - 
ðŸ’¡ ç¬¬ä¸€è¡Œæ•°æ®ç¤ºä¾‹:
2025-10-24 10:10:37,054 - root - INFO -     è‚¡ç¥¨ä»£ç : 600519
2025-10-24 10:10:37,056 - root - INFO -     è‚¡ç¥¨åç§°: è´µå·žèŒ…å°
2025-10-24 10:10:37,056 - root - INFO -     å½“å‰ä»·æ ¼: 1450.98
2025-10-24 10:10:37,057 - root - INFO -     æ¶¨å¹…: 0.0
2025-10-24 10:10:37,059 - root - INFO -     æè¿°: nan
2025-10-24 10:10:37,062 - root - INFO -     æ¿å—: ç™½é…’ã€ä¸­æŠ¥å¢žé•¿
2025-10-24 10:10:37,064 - root - INFO -     ä¸»åŠ›å‡€é¢: -188ä¸‡
2025-10-24 10:10:37,065 - root - INFO -     æˆäº¤é¢: 6224ä¸‡
2025-10-24 10:10:37,066 - root - INFO -     å®žæµå¸‚å€¼: 7256.2äº¿
2025-10-24 10:10:37,068 - root - INFO -     å‡€æµå æ¯”: 0.0
2025-10-24 10:10:37,070 - root - INFO -     ... (è¿˜æœ‰ 6 åˆ—)
2025-10-24 10:10:37,072 - root - INFO - âœ“ ä»Žæ–‡ä»¶åæå–æ—¥æœŸ: 2025-10-15
2025-10-24 10:10:37,073 - root - INFO - 
ðŸ”„ å¼€å§‹åˆ—åæ˜ å°„...
2025-10-24 10:10:37,075 - root - INFO -     âœ“ æ˜ å°„: 'è‚¡ç¥¨ä»£ç ' -> 'stock_code'
2025-10-24 10:10:37,079 - root - INFO -     âœ“ æ˜ å°„: 'è‚¡ç¥¨åç§°' -> 'stock_name'
2025-10-24 10:10:37,079 - root - INFO -     âœ“ æ˜ å°„: 'å½“å‰ä»·æ ¼' -> 'current_price'
2025-10-24 10:10:37,081 - root - INFO -     âœ“ æ˜ å°„: 'æ¶¨å¹…' -> 'price_change'
2025-10-24 10:10:37,082 - root - INFO -     âœ“ æ˜ å°„: 'æè¿°' -> 'description'
2025-10-24 10:10:37,084 - root - INFO -     âœ“ æ˜ å°„: 'æ¿å—' -> 'sector'
2025-10-24 10:10:37,086 - root - INFO -     âœ“ æ˜ å°„: 'ä¸»åŠ›å‡€é¢' -> 'main_net_amount'
2025-10-24 10:10:37,087 - root - INFO -     âœ“ æ˜ å°„: 'æˆäº¤é¢' -> 'auction_today_volume'
2025-10-24 10:10:37,088 - root - INFO -     âœ“ æ˜ å°„: 'å®žæµå¸‚å€¼' -> 'real_market_value'
2025-10-24 10:10:37,090 - root - INFO -     âœ“ æ˜ å°„: 'å‡€æµå æ¯”' -> 'flow_ratio'
2025-10-24 10:10:37,098 - root - INFO -     âœ“ æ˜ å°„: 'å‡€æˆå æ¯”' -> 'net_ratio'
2025-10-24 10:10:37,100 - root - INFO -     âœ“ æ˜ å°„: 'å®žæ¢æ‰‹çŽ‡' -> 'real_turnover_rate'
2025-10-24 10:10:37,101 - root - INFO -     âœ“ æ˜ å°„: 'æ¢æ‰‹çŽ‡' -> 'turnover_rate'
2025-10-24 10:10:37,104 - root - INFO -     âœ“ æ˜ å°„: 'é‡æ¯”' -> 'volume_ratio'
2025-10-24 10:10:37,111 - root - INFO -     âœ“ æ˜ å°„: 'äººæ°”å€¼' -> 'popularity_value'
2025-10-24 10:10:37,112 - root - INFO -     âœ“ æ˜ å°„: 'äº¤æ˜“æ—¥æœŸ' -> 'trade_date'
2025-10-24 10:10:37,114 - root - INFO - 
ðŸ“Š åˆ—æ˜ å°„ç»Ÿè®¡:
2025-10-24 10:10:37,118 - root - INFO -     - Excelæ€»åˆ—æ•°: 16
2025-10-24 10:10:37,122 - root - INFO -     - æˆåŠŸæ˜ å°„: 16 åˆ—
2025-10-24 10:10:37,126 - root - INFO -     - æœªæ˜ å°„: 0 åˆ—
2025-10-24 10:10:37,127 - root - INFO -     - ç»“æžœåˆ—æ•°: 16
2025-10-24 10:10:37,127 - root - INFO - 
ðŸ§¹ å¼€å§‹æ•°æ®æ¸…æ´—...
2025-10-24 10:10:37,175 - root - INFO - 
ðŸ’¾ æ¸…æ´—åŽçš„æ•°æ®ç¤ºä¾‹ï¼ˆç¬¬ä¸€è¡Œï¼‰:
2025-10-24 10:10:37,176 - root - INFO -     stock_code: 600519
2025-10-24 10:10:37,177 - root - INFO -     stock_name: è´µå·žèŒ…å°
2025-10-24 10:10:37,177 - root - INFO -     current_price: 1450.98
2025-10-24 10:10:37,178 - root - INFO -     price_change: 0.0
2025-10-24 10:10:37,178 - root - INFO -     description: nan
2025-10-24 10:10:37,178 - root - INFO -     sector: ç™½é…’ã€ä¸­æŠ¥å¢žé•¿
2025-10-24 10:10:37,179 - root - INFO -     main_net_amount: -188.0
2025-10-24 10:10:37,179 - root - INFO -     auction_today_volume: 6224.0
2025-10-24 10:10:37,180 - root - INFO -     real_market_value: 72562000.0
2025-10-24 10:10:37,180 - root - INFO -     flow_ratio: 0.0
2025-10-24 10:10:37,181 - root - INFO -     ... (è¿˜æœ‰ 6 åˆ—)
2025-10-24 10:10:37,181 - root - INFO - 
âœ… Excelè§£æžå®Œæˆ: 2025-10-15.xlsx
2025-10-24 10:10:37,181 - root - INFO -    - å¯¼å…¥è®°å½•æ•°: 5148
2025-10-24 10:10:37,184 - root - INFO -    - äº¤æ˜“æ—¥æœŸ: 2025-10-15
2025-10-24 10:10:37,185 - root - INFO - ================================================================================

2025-10-24 10:10:38,799 - root - INFO - 
================================================================================
2025-10-24 10:10:38,800 - root - INFO - ðŸ“ å¼€å§‹è§£æžExcelæ–‡ä»¶: 2025-10-16.xlsx
2025-10-24 10:10:38,801 - root - INFO - ================================================================================
2025-10-24 10:10:38,802 - root - INFO - ðŸ“Š Excelæ•°æ®å½¢çŠ¶: 5151 è¡Œ Ã— 16 åˆ—
2025-10-24 10:10:38,804 - root - INFO - ðŸ“‹ Excelåˆ—ååˆ—è¡¨ï¼ˆå…±16åˆ—ï¼‰:
2025-10-24 10:10:38,805 - root - INFO -      1. äº¤æ˜“æ—¥æœŸ
2025-10-24 10:10:38,805 - root - INFO -      2. è‚¡ç¥¨ä»£ç 
2025-10-24 10:10:38,805 - root - INFO -      3. è‚¡ç¥¨åç§°
2025-10-24 10:10:38,806 - root - INFO -      4. å½“å‰ä»·æ ¼
2025-10-24 10:10:38,806 - root - INFO -      5. æ¶¨å¹…
2025-10-24 10:10:38,806 - root - INFO -      6. æè¿°
2025-10-24 10:10:38,806 - root - INFO -      7. æ¿å—
2025-10-24 10:10:38,807 - root - INFO -      8. ä¸»åŠ›å‡€é¢
2025-10-24 10:10:38,807 - root - INFO -      9. æˆäº¤é¢
2025-10-24 10:10:38,807 - root - INFO -     10. å®žæµå¸‚å€¼
2025-10-24 10:10:38,808 - root - INFO -     11. å‡€æµå æ¯”
2025-10-24 10:10:38,808 - root - INFO -     12. å‡€æˆå æ¯”
2025-10-24 10:10:38,808 - root - INFO -     13. å®žæ¢æ‰‹çŽ‡
2025-10-24 10:10:38,808 - root - INFO -     14. æ¢æ‰‹çŽ‡
2025-10-24 10:10:38,809 - root - INFO -     15. é‡æ¯”
2025-10-24 10:10:38,809 - root - INFO -     16. äººæ°”å€¼
2025-10-24 10:10:38,809 - root - INFO - 
ðŸ’¡ ç¬¬ä¸€è¡Œæ•°æ®ç¤ºä¾‹:
2025-10-24 10:10:38,812 - root - INFO -     äº¤æ˜“æ—¥æœŸ: 2025-10-16 00:00:00
2025-10-24 10:10:38,815 - root - INFO -     è‚¡ç¥¨ä»£ç : 600519
2025-10-24 10:10:38,815 - root - INFO -     è‚¡ç¥¨åç§°: è´µå·žèŒ…å°
2025-10-24 10:10:38,816 - root - INFO -     å½“å‰ä»·æ ¼: 1461.92
2025-10-24 10:10:38,816 - root - INFO -     æ¶¨å¹…: -0.01
2025-10-24 10:10:38,816 - root - INFO -     æè¿°: nan
2025-10-24 10:10:38,816 - root - INFO -     æ¿å—: ç™½é…’ã€åœ°æ–¹å›½ä¼
2025-10-24 10:10:38,817 - root - INFO -     ä¸»åŠ›å‡€é¢: 72ä¸‡
2025-10-24 10:10:38,817 - root - INFO -     æˆäº¤é¢: 1944ä¸‡
2025-10-24 10:10:38,817 - root - INFO -     å®žæµå¸‚å€¼: 7301.1äº¿
2025-10-24 10:10:38,818 - root - INFO -     ... (è¿˜æœ‰ 6 åˆ—)
2025-10-24 10:10:38,819 - root - INFO - âœ“ ä»Žæ–‡ä»¶åæå–æ—¥æœŸ: 2025-10-16
2025-10-24 10:10:38,819 - root - INFO - 
ðŸ”„ å¼€å§‹åˆ—åæ˜ å°„...
2025-10-24 10:10:38,820 - root - INFO -     âœ“ æ˜ å°„: 'äº¤æ˜“æ—¥æœŸ' -> 'trade_date'
2025-10-24 10:10:38,821 - root - INFO -     âœ“ æ˜ å°„: 'è‚¡ç¥¨ä»£ç ' -> 'stock_code'
2025-10-24 10:10:38,821 - root - INFO -     âœ“ æ˜ å°„: 'è‚¡ç¥¨åç§°' -> 'stock_name'
2025-10-24 10:10:38,821 - root - INFO -     âœ“ æ˜ å°„: 'å½“å‰ä»·æ ¼' -> 'current_price'
2025-10-24 10:10:38,822 - root - INFO -     âœ“ æ˜ å°„: 'æ¶¨å¹…' -> 'price_change'
2025-10-24 10:10:38,822 - root - INFO -     âœ“ æ˜ å°„: 'æè¿°' -> 'description'
2025-10-24 10:10:38,823 - root - INFO -     âœ“ æ˜ å°„: 'æ¿å—' -> 'sector'
2025-10-24 10:10:38,823 - root - INFO -     âœ“ æ˜ å°„: 'ä¸»åŠ›å‡€é¢' -> 'main_net_amount'
2025-10-24 10:10:38,824 - root - INFO -     âœ“ æ˜ å°„: 'æˆäº¤é¢' -> 'auction_today_volume'
2025-10-24 10:10:38,824 - root - INFO -     âœ“ æ˜ å°„: 'å®žæµå¸‚å€¼' -> 'real_market_value'
2025-10-24 10:10:38,824 - root - INFO -     âœ“ æ˜ å°„: 'å‡€æµå æ¯”' -> 'flow_ratio'
2025-10-24 10:10:38,825 - root - INFO -     âœ“ æ˜ å°„: 'å‡€æˆå æ¯”' -> 'net_ratio'
2025-10-24 10:10:38,825 - root - INFO -     âœ“ æ˜ å°„: 'å®žæ¢æ‰‹çŽ‡' -> 'real_turnover_rate'
2025-10-24 10:10:38,825 - root - INFO -     âœ“ æ˜ å°„: 'æ¢æ‰‹çŽ‡' -> 'turnover_rate'
2025-10-24 10:10:38,826 - root - INFO -     âœ“ æ˜ å°„: 'é‡æ¯”' -> 'volume_ratio'
2025-10-24 10:10:38,840 - root - INFO -     âœ“ æ˜ å°„: 'äººæ°”å€¼' -> 'popularity_value'
2025-10-24 10:10:38,840 - root - INFO - 
ðŸ“Š åˆ—æ˜ å°„ç»Ÿè®¡:
2025-10-24 10:10:38,840 - root - INFO -     - Excelæ€»åˆ—æ•°: 16
2025-10-24 10:10:38,841 - root - INFO -     - æˆåŠŸæ˜ å°„: 16 åˆ—
2025-10-24 10:10:38,841 - root - INFO -     - æœªæ˜ å°„: 0 åˆ—
2025-10-24 10:10:38,841 - root - INFO -     - ç»“æžœåˆ—æ•°: 16
2025-10-24 10:10:38,841 - root - INFO - 
ðŸ§¹ å¼€å§‹æ•°æ®æ¸…æ´—...
2025-10-24 10:10:38,885 - root - INFO - 
ðŸ’¾ æ¸…æ´—åŽçš„æ•°æ®ç¤ºä¾‹ï¼ˆç¬¬ä¸€è¡Œï¼‰:
2025-10-24 10:10:38,886 - root - INFO -     trade_date: 2025-10-16 00:00:00
2025-10-24 10:10:38,887 - root - INFO -     stock_code: 600519
2025-10-24 10:10:38,887 - root - INFO -     stock_name: è´µå·žèŒ…å°
2025-10-24 10:10:38,888 - root - INFO -     current_price: 1461.92
2025-10-24 10:10:38,888 - root - INFO -     price_change: -0.01
2025-10-24 10:10:38,888 - root - INFO -     description: nan
2025-10-24 10:10:38,888 - root - INFO -     sector: ç™½é…’ã€åœ°æ–¹å›½ä¼
2025-10-24 10:10:38,889 - root - INFO -     main_net_amount: 72.0
2025-10-24 10:10:38,889 - root - INFO -     auction_today_volume: 1944.0
2025-10-24 10:10:38,889 - root - INFO -     real_market_value: 73011000.0
2025-10-24 10:10:38,889 - root - INFO -     ... (è¿˜æœ‰ 6 åˆ—)
2025-10-24 10:10:38,890 - root - INFO - 
âœ… Excelè§£æžå®Œæˆ: 2025-10-16.xlsx
2025-10-24 10:10:38,890 - root - INFO -    - å¯¼å…¥è®°å½•æ•°: 5151
2025-10-24 10:10:38,892 - root - INFO -    - äº¤æ˜“æ—¥æœŸ: 2025-10-16
2025-10-24 10:10:38,893 - root - INFO - ================================================================================

2025-10-24 10:10:40,538 - root - INFO - 
================================================================================
2025-10-24 10:10:40,538 - root - INFO - ðŸ“ å¼€å§‹è§£æžExcelæ–‡ä»¶: 2025-10-17.xlsx
2025-10-24 10:10:40,541 - root - INFO - ================================================================================
2025-10-24 10:10:40,544 - root - INFO - ðŸ“Š Excelæ•°æ®å½¢çŠ¶: 5154 è¡Œ Ã— 16 åˆ—
2025-10-24 10:10:40,544 - root - INFO - ðŸ“‹ Excelåˆ—ååˆ—è¡¨ï¼ˆå…±16åˆ—ï¼‰:
2025-10-24 10:10:40,548 - root - INFO -      1. äº¤æ˜“æ—¥æœŸ
2025-10-24 10:10:40,550 - root - INFO -      2. è‚¡ç¥¨ä»£ç 
2025-10-24 10:10:40,551 - root - INFO -      3. è‚¡ç¥¨åç§°
2025-10-24 10:10:40,551 - root - INFO -      4. å½“å‰ä»·æ ¼
2025-10-24 10:10:40,552 - root - INFO -      5. æ¶¨å¹…
2025-10-24 10:10:40,552 - root - INFO -      6. æè¿°
2025-10-24 10:10:40,553 - root - INFO -      7. æ¿å—
2025-10-24 10:10:40,553 - root - INFO -      8. ä¸»åŠ›å‡€é¢
2025-10-24 10:10:40,554 - root - INFO -      9. æˆäº¤é¢
2025-10-24 10:10:40,554 - root - INFO -     10. å®žæµå¸‚å€¼
2025-10-24 10:10:40,555 - root - INFO -     11. å‡€æµå æ¯”
2025-10-24 10:10:40,556 - root - INFO -     12. å‡€æˆå æ¯”
2025-10-24 10:10:40,557 - root - INFO -     13. å®žæ¢æ‰‹çŽ‡
2025-10-24 10:10:40,558 - root - INFO -     14. æ¢æ‰‹çŽ‡
2025-10-24 10:10:40,560 - root - INFO -     15. é‡æ¯”
2025-10-24 10:10:40,565 - root - INFO -     16. äººæ°”å€¼
2025-10-24 10:10:40,566 - root - INFO - 
ðŸ’¡ ç¬¬ä¸€è¡Œæ•°æ®ç¤ºä¾‹:
2025-10-24 10:10:40,567 - root - INFO -     äº¤æ˜“æ—¥æœŸ: 2025-10-17 00:00:00
2025-10-24 10:10:40,568 - root - INFO -     è‚¡ç¥¨ä»£ç : 600519
2025-10-24 10:10:40,569 - root - INFO -     è‚¡ç¥¨åç§°: è´µå·žèŒ…å°
2025-10-24 10:10:40,570 - root - INFO -     å½“å‰ä»·æ ¼: 1483.1
2025-10-24 10:10:40,571 - root - INFO -     æ¶¨å¹…: -0.12
2025-10-24 10:10:40,573 - root - INFO -     æè¿°: nan
2025-10-24 10:10:40,574 - root - INFO -     æ¿å—: ç™½é…’ã€åœ°æ–¹å›½ä¼
2025-10-24 10:10:40,576 - root - INFO -     ä¸»åŠ›å‡€é¢: 59ä¸‡
2025-10-24 10:10:40,580 - root - INFO -     æˆäº¤é¢: 3930ä¸‡
2025-10-24 10:10:40,581 - root - INFO -     å®žæµå¸‚å€¼: 7408.1äº¿
2025-10-24 10:10:40,582 - root - INFO -     ... (è¿˜æœ‰ 6 åˆ—)
2025-10-24 10:10:40,583 - root - INFO - âœ“ ä»Žæ–‡ä»¶åæå–æ—¥æœŸ: 2025-10-17
2025-10-24 10:10:40,584 - root - INFO - 
ðŸ”„ å¼€å§‹åˆ—åæ˜ å°„...
2025-10-24 10:10:40,586 - root - INFO -     âœ“ æ˜ å°„: 'äº¤æ˜“æ—¥æœŸ' -> 'trade_date'
2025-10-24 10:10:40,586 - root - INFO -     âœ“ æ˜ å°„: 'è‚¡ç¥¨ä»£ç ' -> 'stock_code'
2025-10-24 10:10:40,588 - root - INFO -     âœ“ æ˜ å°„: 'è‚¡ç¥¨åç§°' -> 'stock_name'
2025-10-24 10:10:40,589 - root - INFO -     âœ“ æ˜ å°„: 'å½“å‰ä»·æ ¼' -> 'current_price'
2025-10-24 10:10:40,596 - root - INFO -     âœ“ æ˜ å°„: 'æ¶¨å¹…' -> 'price_change'
2025-10-24 10:10:40,598 - root - INFO -     âœ“ æ˜ å°„: 'æè¿°' -> 'description'
2025-10-24 10:10:40,599 - root - INFO -     âœ“ æ˜ å°„: 'æ¿å—' -> 'sector'
2025-10-24 10:10:40,600 - root - INFO -     âœ“ æ˜ å°„: 'ä¸»åŠ›å‡€é¢' -> 'main_net_amount'
2025-10-24 10:10:40,601 - root - INFO -     âœ“ æ˜ å°„: 'æˆäº¤é¢' -> 'auction_today_volume'
2025-10-24 10:10:40,603 - root - INFO -     âœ“ æ˜ å°„: 'å®žæµå¸‚å€¼' -> 'real_market_value'
2025-10-24 10:10:40,604 - root - INFO -     âœ“ æ˜ å°„: 'å‡€æµå æ¯”' -> 'flow_ratio'
2025-10-24 10:10:40,605 - root - INFO -     âœ“ æ˜ å°„: 'å‡€æˆå æ¯”' -> 'net_ratio'
2025-10-24 10:10:40,607 - root - INFO -     âœ“ æ˜ å°„: 'å®žæ¢æ‰‹çŽ‡' -> 'real_turnover_rate'
2025-10-24 10:10:40,616 - root - INFO -     âœ“ æ˜ å°„: 'æ¢æ‰‹çŽ‡' -> 'turnover_rate'
2025-10-24 10:10:40,619 - root - INFO -     âœ“ æ˜ å°„: 'é‡æ¯”' -> 'volume_ratio'
2025-10-24 10:10:40,622 - root - INFO -     âœ“ æ˜ å°„: 'äººæ°”å€¼' -> 'popularity_value'
2025-10-24 10:10:40,622 - root - INFO - 
ðŸ“Š åˆ—æ˜ å°„ç»Ÿè®¡:
2025-10-24 10:10:40,625 - root - INFO -     - Excelæ€»åˆ—æ•°: 16
2025-10-24 10:10:40,627 - root - INFO -     - æˆåŠŸæ˜ å°„: 16 åˆ—
2025-10-24 10:10:40,628 - root - INFO -     - æœªæ˜ å°„: 0 åˆ—
2025-10-24 10:10:40,629 - root - INFO -     - ç»“æžœåˆ—æ•°: 16
2025-10-24 10:10:40,629 - root - INFO - 
ðŸ§¹ å¼€å§‹æ•°æ®æ¸…æ´—...
2025-10-24 10:10:40,681 - root - INFO - 
ðŸ’¾ æ¸…æ´—åŽçš„æ•°æ®ç¤ºä¾‹ï¼ˆç¬¬ä¸€è¡Œï¼‰:
2025-10-24 10:10:40,682 - root - INFO -     trade_date: 2025-10-17 00:00:00
2025-10-24 10:10:40,684 - root - INFO -     stock_code: 600519
2025-10-24 10:10:40,685 - root - INFO -     stock_name: è´µå·žèŒ…å°
2025-10-24 10:10:40,685 - root - INFO -     current_price: 1483.1
2025-10-24 10:10:40,686 - root - INFO -     price_change: -0.12
2025-10-24 10:10:40,686 - root - INFO -     description: nan
2025-10-24 10:10:40,687 - root - INFO -     sector: ç™½é…’ã€åœ°æ–¹å›½ä¼
2025-10-24 10:10:40,688 - root - INFO -     main_net_amount: 59.0
2025-10-24 10:10:40,689 - root - INFO -     auction_today_volume: 3930.0
2025-10-24 10:10:40,690 - root - INFO -     real_market_value: 74081000.0
2025-10-24 10:10:40,691 - root - INFO -     ... (è¿˜æœ‰ 6 åˆ—)
2025-10-24 10:10:40,691 - root - INFO - 
âœ… Excelè§£æžå®Œæˆ: 2025-10-17.xlsx
2025-10-24 10:10:40,691 - root - INFO -    - å¯¼å…¥è®°å½•æ•°: 5154
2025-10-24 10:10:40,692 - root - INFO -    - äº¤æ˜“æ—¥æœŸ: 2025-10-17
2025-10-24 10:10:40,692 - root - INFO - ================================================================================

2025-10-24 10:10:42,427 - root - INFO - 
================================================================================
2025-10-24 10:10:42,428 - root - INFO - ðŸ“ å¼€å§‹è§£æžExcelæ–‡ä»¶: 2025-10-20.xlsx
2025-10-24 10:10:42,431 - root - INFO - ================================================================================
2025-10-24 10:10:42,433 - root - INFO - ðŸ“Š Excelæ•°æ®å½¢çŠ¶: 5178 è¡Œ Ã— 16 åˆ—
2025-10-24 10:10:42,434 - root - INFO - ðŸ“‹ Excelåˆ—ååˆ—è¡¨ï¼ˆå…±16åˆ—ï¼‰:
2025-10-24 10:10:42,435 - root - INFO -      1. äº¤æ˜“æ—¥æœŸ
2025-10-24 10:10:42,435 - root - INFO -      2. è‚¡ç¥¨ä»£ç 
2025-10-24 10:10:42,435 - root - INFO -      3. è‚¡ç¥¨åç§°
2025-10-24 10:10:42,435 - root - INFO -      4. å½“å‰ä»·æ ¼
2025-10-24 10:10:42,436 - root - INFO -      5. æ¶¨å¹…
2025-10-24 10:10:42,436 - root - INFO -      6. æè¿°
2025-10-24 10:10:42,436 - root - INFO -      7. æ¿å—
2025-10-24 10:10:42,437 - root - INFO -      8. ä¸»åŠ›å‡€é¢
2025-10-24 10:10:42,437 - root - INFO -      9. æˆäº¤é¢
2025-10-24 10:10:42,437 - root - INFO -     10. å®žæµå¸‚å€¼
2025-10-24 10:10:42,438 - root - INFO -     11. å‡€æµå æ¯”
2025-10-24 10:10:42,438 - root - INFO -     12. å‡€æˆå æ¯”
2025-10-24 10:10:42,438 - root - INFO -     13. å®žæ¢æ‰‹çŽ‡
2025-10-24 10:10:42,439 - root - INFO -     14. æ¢æ‰‹çŽ‡
2025-10-24 10:10:42,439 - root - INFO -     15. é‡æ¯”
2025-10-24 10:10:42,439 - root - INFO -     16. äººæ°”å€¼
2025-10-24 10:10:42,439 - root - INFO - 
ðŸ’¡ ç¬¬ä¸€è¡Œæ•°æ®ç¤ºä¾‹:
2025-10-24 10:10:42,440 - root - INFO -     äº¤æ˜“æ—¥æœŸ: 2025-10-20 00:00:00
2025-10-24 10:10:42,440 - root - INFO -     è‚¡ç¥¨ä»£ç : 600519
2025-10-24 10:10:42,440 - root - INFO -     è‚¡ç¥¨åç§°: è´µå·žèŒ…å°
2025-10-24 10:10:42,441 - root - INFO -     å½“å‰ä»·æ ¼: 1455.0
2025-10-24 10:10:42,441 - root - INFO -     æ¶¨å¹…: 0.0
2025-10-24 10:10:42,441 - root - INFO -     æè¿°: nan
2025-10-24 10:10:42,441 - root - INFO -     æ¿å—: ç™½é…’ã€åœ°æ–¹å›½ä¼
2025-10-24 10:10:42,442 - root - INFO -     ä¸»åŠ›å‡€é¢: 1134ä¸‡
2025-10-24 10:10:42,442 - root - INFO -     æˆäº¤é¢: 6212ä¸‡
2025-10-24 10:10:42,442 - root - INFO -     å®žæµå¸‚å€¼: 7313.5äº¿
2025-10-24 10:10:42,442 - root - INFO -     ... (è¿˜æœ‰ 6 åˆ—)
2025-10-24 10:10:42,443 - root - INFO - âœ“ ä»Žæ–‡ä»¶åæå–æ—¥æœŸ: 2025-10-20
2025-10-24 10:10:42,444 - root - INFO - 
ðŸ”„ å¼€å§‹åˆ—åæ˜ å°„...
2025-10-24 10:10:42,449 - root - INFO -     âœ“ æ˜ å°„: 'äº¤æ˜“æ—¥æœŸ' -> 'trade_date'
2025-10-24 10:10:42,449 - root - INFO -     âœ“ æ˜ å°„: 'è‚¡ç¥¨ä»£ç ' -> 'stock_code'
2025-10-24 10:10:42,450 - root - INFO -     âœ“ æ˜ å°„: 'è‚¡ç¥¨åç§°' -> 'stock_name'
2025-10-24 10:10:42,450 - root - INFO -     âœ“ æ˜ å°„: 'å½“å‰ä»·æ ¼' -> 'current_price'
2025-10-24 10:10:42,451 - root - INFO -     âœ“ æ˜ å°„: 'æ¶¨å¹…' -> 'price_change'
2025-10-24 10:10:42,451 - root - INFO -     âœ“ æ˜ å°„: 'æè¿°' -> 'description'
2025-10-24 10:10:42,451 - root - INFO -     âœ“ æ˜ å°„: 'æ¿å—' -> 'sector'
2025-10-24 10:10:42,452 - root - INFO -     âœ“ æ˜ å°„: 'ä¸»åŠ›å‡€é¢' -> 'main_net_amount'
2025-10-24 10:10:42,452 - root - INFO -     âœ“ æ˜ å°„: 'æˆäº¤é¢' -> 'auction_today_volume'
2025-10-24 10:10:42,453 - root - INFO -     âœ“ æ˜ å°„: 'å®žæµå¸‚å€¼' -> 'real_market_value'
2025-10-24 10:10:42,453 - root - INFO -     âœ“ æ˜ å°„: 'å‡€æµå æ¯”' -> 'flow_ratio'
2025-10-24 10:10:42,454 - root - INFO -     âœ“ æ˜ å°„: 'å‡€æˆå æ¯”' -> 'net_ratio'
2025-10-24 10:10:42,454 - root - INFO -     âœ“ æ˜ å°„: 'å®žæ¢æ‰‹çŽ‡' -> 'real_turnover_rate'
2025-10-24 10:10:42,455 - root - INFO -     âœ“ æ˜ å°„: 'æ¢æ‰‹çŽ‡' -> 'turnover_rate'
2025-10-24 10:10:42,455 - root - INFO -     âœ“ æ˜ å°„: 'é‡æ¯”' -> 'volume_ratio'
2025-10-24 10:10:42,455 - root - INFO -     âœ“ æ˜ å°„: 'äººæ°”å€¼' -> 'popularity_value'
2025-10-24 10:10:42,455 - root - INFO - 
ðŸ“Š åˆ—æ˜ å°„ç»Ÿè®¡:
2025-10-24 10:10:42,456 - root - INFO -     - Excelæ€»åˆ—æ•°: 16
2025-10-24 10:10:42,456 - root - INFO -     - æˆåŠŸæ˜ å°„: 16 åˆ—
2025-10-24 10:10:42,456 - root - INFO -     - æœªæ˜ å°„: 0 åˆ—
2025-10-24 10:10:42,457 - root - INFO -     - ç»“æžœåˆ—æ•°: 16
2025-10-24 10:10:42,457 - root - INFO - 
ðŸ§¹ å¼€å§‹æ•°æ®æ¸…æ´—...
2025-10-24 10:10:42,499 - root - INFO - 
ðŸ’¾ æ¸…æ´—åŽçš„æ•°æ®ç¤ºä¾‹ï¼ˆç¬¬ä¸€è¡Œï¼‰:
2025-10-24 10:10:42,500 - root - INFO -     trade_date: 2025-10-20 00:00:00
2025-10-24 10:10:42,501 - root - INFO -     stock_code: 600519
2025-10-24 10:10:42,501 - root - INFO -     stock_name: è´µå·žèŒ…å°
2025-10-24 10:10:42,501 - root - INFO -     current_price: 1455.0
2025-10-24 10:10:42,502 - root - INFO -     price_change: 0.0
2025-10-24 10:10:42,502 - root - INFO -     description: nan
2025-10-24 10:10:42,502 - root - INFO -     sector: ç™½é…’ã€åœ°æ–¹å›½ä¼
2025-10-24 10:10:42,502 - root - INFO -     main_net_amount: 1134.0
2025-10-24 10:10:42,503 - root - INFO -     auction_today_volume: 6212.0
2025-10-24 10:10:42,503 - root - INFO -     real_market_value: 73135000.0
2025-10-24 10:10:42,505 - root - INFO -     ... (è¿˜æœ‰ 6 åˆ—)
2025-10-24 10:10:42,506 - root - INFO - 
âœ… Excelè§£æžå®Œæˆ: 2025-10-20.xlsx
2025-10-24 10:10:42,506 - root - INFO -    - å¯¼å…¥è®°å½•æ•°: 5178
2025-10-24 10:10:42,506 - root - INFO -    - äº¤æ˜“æ—¥æœŸ: 2025-10-20
2025-10-24 10:10:42,507 - root - INFO - ================================================================================

2025-10-24 10:10:44,332 - root - INFO - 
================================================================================
2025-10-24 10:10:44,333 - root - INFO - ðŸ“ å¼€å§‹è§£æžExcelæ–‡ä»¶: 2025-10-21.xlsx
2025-10-24 10:10:44,335 - root - INFO - ================================================================================
2025-10-24 10:10:44,335 - root - INFO - ðŸ“Š Excelæ•°æ®å½¢çŠ¶: 4950 è¡Œ Ã— 15 åˆ—
2025-10-24 10:10:44,336 - root - INFO - ðŸ“‹ Excelåˆ—ååˆ—è¡¨ï¼ˆå…±15åˆ—ï¼‰:
2025-10-24 10:10:44,336 - root - INFO -      1. è‚¡ç¥¨ä»£ç 
2025-10-24 10:10:44,336 - root - INFO -      2. è‚¡ç¥¨åç§°
2025-10-24 10:10:44,337 - root - INFO -      3. å½“å‰ä»·æ ¼
2025-10-24 10:10:44,337 - root - INFO -      4. æ¶¨å¹…
2025-10-24 10:10:44,337 - root - INFO -      5. æè¿°
2025-10-24 10:10:44,338 - root - INFO -      6. æ¿å—
2025-10-24 10:10:44,338 - root - INFO -      7. ä¸»åŠ›å‡€é¢
2025-10-24 10:10:44,338 - root - INFO -      8. æˆäº¤é¢
2025-10-24 10:10:44,339 - root - INFO -      9. å®žæµå¸‚å€¼
2025-10-24 10:10:44,339 - root - INFO -     10. å‡€æµå æ¯”
2025-10-24 10:10:44,339 - root - INFO -     11. å‡€æˆå æ¯”
2025-10-24 10:10:44,339 - root - INFO -     12. å®žæ¢æ‰‹çŽ‡
2025-10-24 10:10:44,340 - root - INFO -     13. æ¢æ‰‹çŽ‡
2025-10-24 10:10:44,340 - root - INFO -     14. é‡æ¯”
2025-10-24 10:10:44,340 - root - INFO -     15. äººæ°”å€¼
2025-10-24 10:10:44,341 - root - INFO - 
ðŸ’¡ ç¬¬ä¸€è¡Œæ•°æ®ç¤ºä¾‹:
2025-10-24 10:10:44,341 - root - INFO -     è‚¡ç¥¨ä»£ç : 600519
2025-10-24 10:10:44,341 - root - INFO -     è‚¡ç¥¨åç§°: è´µå·žèŒ…å°
2025-10-24 10:10:44,341 - root - INFO -     å½“å‰ä»·æ ¼: 1459.0
2025-10-24 10:10:44,342 - root - INFO -     æ¶¨å¹…: 0.07
2025-10-24 10:10:44,342 - root - INFO -     æè¿°:    
2025-10-24 10:10:44,342 - root - INFO -     æ¿å—: ç™½é…’ã€åœ°æ–¹å›½ä¼
2025-10-24 10:10:44,343 - root - INFO -     ä¸»åŠ›å‡€é¢: 492ä¸‡
2025-10-24 10:10:44,343 - root - INFO -     æˆäº¤é¢: 1280ä¸‡
2025-10-24 10:10:44,343 - root - INFO -     å®žæµå¸‚å€¼: 7303.7äº¿
2025-10-24 10:10:44,343 - root - INFO -     å‡€æµå æ¯”: 0.0
2025-10-24 10:10:44,344 - root - INFO -     ... (è¿˜æœ‰ 5 åˆ—)
2025-10-24 10:10:44,344 - root - INFO - âœ“ ä»Žæ–‡ä»¶åæå–æ—¥æœŸ: 2025-10-21
2025-10-24 10:10:44,344 - root - INFO - 
ðŸ”„ å¼€å§‹åˆ—åæ˜ å°„...
2025-10-24 10:10:44,346 - root - INFO -     âœ“ æ˜ å°„: 'è‚¡ç¥¨ä»£ç ' -> 'stock_code'
2025-10-24 10:10:44,351 - root - INFO -     âœ“ æ˜ å°„: 'è‚¡ç¥¨åç§°' -> 'stock_name'
2025-10-24 10:10:44,352 - root - INFO -     âœ“ æ˜ å°„: 'å½“å‰ä»·æ ¼' -> 'current_price'
2025-10-24 10:10:44,352 - root - INFO -     âœ“ æ˜ å°„: 'æ¶¨å¹…' -> 'price_change'
2025-10-24 10:10:44,352 - root - INFO -     âœ“ æ˜ å°„: 'æè¿°' -> 'description'
2025-10-24 10:10:44,353 - root - INFO -     âœ“ æ˜ å°„: 'æ¿å—' -> 'sector'
2025-10-24 10:10:44,354 - root - INFO -     âœ“ æ˜ å°„: 'ä¸»åŠ›å‡€é¢' -> 'main_net_amount'
2025-10-24 10:10:44,354 - root - INFO -     âœ“ æ˜ å°„: 'æˆäº¤é¢' -> 'auction_today_volume'
2025-10-24 10:10:44,355 - root - INFO -     âœ“ æ˜ å°„: 'å®žæµå¸‚å€¼' -> 'real_market_value'
2025-10-24 10:10:44,356 - root - INFO -     âœ“ æ˜ å°„: 'å‡€æµå æ¯”' -> 'flow_ratio'
2025-10-24 10:10:44,356 - root - INFO -     âœ“ æ˜ å°„: 'å‡€æˆå æ¯”' -> 'net_ratio'
2025-10-24 10:10:44,356 - root - INFO -     âœ“ æ˜ å°„: 'å®žæ¢æ‰‹çŽ‡' -> 'real_turnover_rate'
2025-10-24 10:10:44,357 - root - INFO -     âœ“ æ˜ å°„: 'æ¢æ‰‹çŽ‡' -> 'turnover_rate'
2025-10-24 10:10:44,357 - root - INFO -     âœ“ æ˜ å°„: 'é‡æ¯”' -> 'volume_ratio'
2025-10-24 10:10:44,358 - root - INFO -     âœ“ æ˜ å°„: 'äººæ°”å€¼' -> 'popularity_value'
2025-10-24 10:10:44,358 - root - INFO - 
ðŸ“Š åˆ—æ˜ å°„ç»Ÿè®¡:
2025-10-24 10:10:44,358 - root - INFO -     - Excelæ€»åˆ—æ•°: 15
2025-10-24 10:10:44,358 - root - INFO -     - æˆåŠŸæ˜ å°„: 15 åˆ—
2025-10-24 10:10:44,359 - root - INFO -     - æœªæ˜ å°„: 0 åˆ—
2025-10-24 10:10:44,359 - root - INFO -     - ç»“æžœåˆ—æ•°: 15
2025-10-24 10:10:44,359 - root - INFO - 
ðŸ§¹ å¼€å§‹æ•°æ®æ¸…æ´—...
2025-10-24 10:10:44,404 - root - INFO - 
ðŸ’¾ æ¸…æ´—åŽçš„æ•°æ®ç¤ºä¾‹ï¼ˆç¬¬ä¸€è¡Œï¼‰:
2025-10-24 10:10:44,404 - root - INFO -     stock_code: 600519
2025-10-24 10:10:44,406 - root - INFO -     stock_name: è´µå·žèŒ…å°
2025-10-24 10:10:44,408 - root - INFO -     current_price: 1459.0
2025-10-24 10:10:44,410 - root - INFO -     price_change: 0.07
2025-10-24 10:10:44,411 - root - INFO -     description:    
2025-10-24 10:10:44,411 - root - INFO -     sector: ç™½é…’ã€åœ°æ–¹å›½ä¼
2025-10-24 10:10:44,412 - root - INFO -     main_net_amount: 492.0
2025-10-24 10:10:44,412 - root - INFO -     auction_today_volume: 1280.0
2025-10-24 10:10:44,413 - root - INFO -     real_market_value: 73037000.0
2025-10-24 10:10:44,413 - root - INFO -     flow_ratio: 0.0
2025-10-24 10:10:44,413 - root - INFO -     ... (è¿˜æœ‰ 5 åˆ—)
2025-10-24 10:10:44,414 - root - INFO - 
âœ… Excelè§£æžå®Œæˆ: 2025-10-21.xlsx
2025-10-24 10:10:44,414 - root - INFO -    - å¯¼å…¥è®°å½•æ•°: 4950
2025-10-24 10:10:44,414 - root - INFO -    - äº¤æ˜“æ—¥æœŸ: 2025-10-21
2025-10-24 10:10:44,415 - root - INFO - ================================================================================

2025-10-24 10:10:46,062 - root - INFO - 
================================================================================
2025-10-24 10:10:46,063 - root - INFO - ðŸ“ å¼€å§‹è§£æžExcelæ–‡ä»¶: 2025-10-22.xlsx
2025-10-24 10:10:46,066 - root - INFO - ================================================================================
2025-10-24 10:10:46,066 - root - INFO - ðŸ“Š Excelæ•°æ®å½¢çŠ¶: 5174 è¡Œ Ã— 15 åˆ—
2025-10-24 10:10:46,066 - root - INFO - ðŸ“‹ Excelåˆ—ååˆ—è¡¨ï¼ˆå…±15åˆ—ï¼‰:
2025-10-24 10:10:46,067 - root - INFO -      1. è‚¡ç¥¨ä»£ç 
2025-10-24 10:10:46,068 - root - INFO -      2. è‚¡ç¥¨åç§°
2025-10-24 10:10:46,070 - root - INFO -      3. å½“å‰ä»·æ ¼
2025-10-24 10:10:46,071 - root - INFO -      4. æ¶¨å¹…
2025-10-24 10:10:46,072 - root - INFO -      5. æè¿°
2025-10-24 10:10:46,072 - root - INFO -      6. æ¿å—
2025-10-24 10:10:46,072 - root - INFO -      7. ä¸»åŠ›å‡€é¢
2025-10-24 10:10:46,073 - root - INFO -      8. æˆäº¤é¢
2025-10-24 10:10:46,073 - root - INFO -      9. å®žæµå¸‚å€¼
2025-10-24 10:10:46,074 - root - INFO -     10. å‡€æµå æ¯”
2025-10-24 10:10:46,074 - root - INFO -     11. å‡€æˆå æ¯”
2025-10-24 10:10:46,075 - root - INFO -     12. å®žæ¢æ‰‹çŽ‡
2025-10-24 10:10:46,076 - root - INFO -     13. æ¢æ‰‹çŽ‡
2025-10-24 10:10:46,077 - root - INFO -     14. é‡æ¯”
2025-10-24 10:10:46,083 - root - INFO -     15. äººæ°”å€¼
2025-10-24 10:10:46,085 - root - INFO - 
ðŸ’¡ ç¬¬ä¸€è¡Œæ•°æ®ç¤ºä¾‹:
2025-10-24 10:10:46,086 - root - INFO -     è‚¡ç¥¨ä»£ç : 600519
2025-10-24 10:10:46,087 - root - INFO -     è‚¡ç¥¨åç§°: è´µå·žèŒ…å°
2025-10-24 10:10:46,088 - root - INFO -     å½“å‰ä»·æ ¼: 1462.08
2025-10-24 10:10:46,089 - root - INFO -     æ¶¨å¹…: -0.01
2025-10-24 10:10:46,090 - root - INFO -     æè¿°:    
2025-10-24 10:10:46,091 - root - INFO -     æ¿å—: ç™½é…’ã€åœ°æ–¹å›½ä¼
2025-10-24 10:10:46,093 - root - INFO -     ä¸»åŠ›å‡€é¢: 1023ä¸‡
2025-10-24 10:10:46,097 - root - INFO -     æˆäº¤é¢: 3070ä¸‡
2025-10-24 10:10:46,098 - root - INFO -     å®žæµå¸‚å€¼: 7315.3äº¿
2025-10-24 10:10:46,099 - root - INFO -     å‡€æµå æ¯”: 0.0
2025-10-24 10:10:46,100 - root - INFO -     ... (è¿˜æœ‰ 5 åˆ—)
2025-10-24 10:10:46,101 - root - INFO - âœ“ ä»Žæ–‡ä»¶åæå–æ—¥æœŸ: 2025-10-22
2025-10-24 10:10:46,102 - root - INFO - 
ðŸ”„ å¼€å§‹åˆ—åæ˜ å°„...
2025-10-24 10:10:46,104 - root - INFO -     âœ“ æ˜ å°„: 'è‚¡ç¥¨ä»£ç ' -> 'stock_code'
2025-10-24 10:10:46,105 - root - INFO -     âœ“ æ˜ å°„: 'è‚¡ç¥¨åç§°' -> 'stock_name'
2025-10-24 10:10:46,106 - root - INFO -     âœ“ æ˜ å°„: 'å½“å‰ä»·æ ¼' -> 'current_price'
2025-10-24 10:10:46,107 - root - INFO -     âœ“ æ˜ å°„: 'æ¶¨å¹…' -> 'price_change'
2025-10-24 10:10:46,116 - root - INFO -     âœ“ æ˜ å°„: 'æè¿°' -> 'description'
2025-10-24 10:10:46,117 - root - INFO -     âœ“ æ˜ å°„: 'æ¿å—' -> 'sector'
2025-10-24 10:10:46,119 - root - INFO -     âœ“ æ˜ å°„: 'ä¸»åŠ›å‡€é¢' -> 'main_net_amount'
2025-10-24 10:10:46,122 - root - INFO -     âœ“ æ˜ å°„: 'æˆäº¤é¢' -> 'auction_today_volume'
2025-10-24 10:10:46,124 - root - INFO -     âœ“ æ˜ å°„: 'å®žæµå¸‚å€¼' -> 'real_market_value'
2025-10-24 10:10:46,126 - root - INFO -     âœ“ æ˜ å°„: 'å‡€æµå æ¯”' -> 'flow_ratio'
2025-10-24 10:10:46,127 - root - INFO -     âœ“ æ˜ å°„: 'å‡€æˆå æ¯”' -> 'net_ratio'
2025-10-24 10:10:46,129 - root - INFO -     âœ“ æ˜ å°„: 'å®žæ¢æ‰‹çŽ‡' -> 'real_turnover_rate'
2025-10-24 10:10:46,131 - root - INFO -     âœ“ æ˜ å°„: 'æ¢æ‰‹çŽ‡' -> 'turnover_rate'
2025-10-24 10:10:46,132 - root - INFO -     âœ“ æ˜ å°„: 'é‡æ¯”' -> 'volume_ratio'
2025-10-24 10:10:46,133 - root - INFO -     âœ“ æ˜ å°„: 'äººæ°”å€¼' -> 'popularity_value'
2025-10-24 10:10:46,134 - root - INFO - 
ðŸ“Š åˆ—æ˜ å°„ç»Ÿè®¡:
2025-10-24 10:10:46,135 - root - INFO -     - Excelæ€»åˆ—æ•°: 15
2025-10-24 10:10:46,136 - root - INFO -     - æˆåŠŸæ˜ å°„: 15 åˆ—
2025-10-24 10:10:46,137 - root - INFO -     - æœªæ˜ å°„: 0 åˆ—
2025-10-24 10:10:46,138 - root - INFO -     - ç»“æžœåˆ—æ•°: 15
2025-10-24 10:10:46,142 - root - INFO - 
ðŸ§¹ å¼€å§‹æ•°æ®æ¸…æ´—...
2025-10-24 10:10:46,201 - root - INFO - 
ðŸ’¾ æ¸…æ´—åŽçš„æ•°æ®ç¤ºä¾‹ï¼ˆç¬¬ä¸€è¡Œï¼‰:
2025-10-24 10:10:46,201 - root - INFO -     stock_code: 600519
2025-10-24 10:10:46,205 - root - INFO -     stock_name: è´µå·žèŒ…å°
2025-10-24 10:10:46,206 - root - INFO -     current_price: 1462.08
2025-10-24 10:10:46,206 - root - INFO -     price_change: -0.01
2025-10-24 10:10:46,207 - root - INFO -     description:    
2025-10-24 10:10:46,207 - root - INFO -     sector: ç™½é…’ã€åœ°æ–¹å›½ä¼
2025-10-24 10:10:46,208 - root - INFO -     main_net_amount: 1023.0
2025-10-24 10:10:46,208 - root - INFO -     auction_today_volume: 3070.0
2025-10-24 10:10:46,209 - root - INFO -     real_market_value: 73153000.0
2025-10-24 10:10:46,209 - root - INFO -     flow_ratio: 0.0
2025-10-24 10:10:46,209 - root - INFO -     ... (è¿˜æœ‰ 5 åˆ—)
2025-10-24 10:10:46,209 - root - INFO - 
âœ… Excelè§£æžå®Œæˆ: 2025-10-22.xlsx
2025-10-24 10:10:46,210 - root - INFO -    - å¯¼å…¥è®°å½•æ•°: 5174
2025-10-24 10:10:46,210 - root - INFO -    - äº¤æ˜“æ—¥æœŸ: 2025-10-22
2025-10-24 10:10:46,210 - root - INFO - ================================================================================

2025-10-24 10:10:53,575 - root - INFO - åŠ è½½äº† 5152 æ¡æ•°æ®ï¼Œæ—¥æœŸ: 2025-10-22
2025-10-24 10:12:28,165 - root - INFO - åº”ç”¨ç­›é€‰: {'trade_date': '2025-10-22', 'stock_code': None, 'sector': None}
2025-10-24 10:17:14,691 - root - INFO - æ•°æ®åº“è¿žæŽ¥å·²å…³é—­
2025-10-24 10:19:46,070 - root - INFO - ==================================================
2025-10-24 10:19:46,070 - root - INFO - è‚¡ç¥¨æ•°æ®åˆ†æžç³»ç»Ÿå¯åŠ¨
2025-10-24 10:19:46,071 - root - INFO - ==================================================
2025-10-24 10:19:46,096 - root - INFO - æ•°æ®åº“åˆå§‹åŒ–æˆåŠŸ
2025-10-24 10:19:51,054 - root - INFO - åŠ è½½äº† 5152 æ¡æ•°æ®ï¼Œæ—¥æœŸ: 2025-10-22
2025-10-24 10:19:51,601 - root - INFO - ä¸»çª—å£å·²æ˜¾ç¤º
2025-10-24 10:23:30,340 - root - INFO - ==================================================
2025-10-24 10:23:30,340 - root - INFO - è‚¡ç¥¨æ•°æ®åˆ†æžç³»ç»Ÿå¯åŠ¨
2025-10-24 10:23:30,341 - root - INFO - ==================================================
2025-10-24 10:23:30,358 - root - INFO - æ•°æ®åº“åˆå§‹åŒ–æˆåŠŸ
2025-10-24 10:23:35,109 - root - INFO - åŠ è½½äº† 5152 æ¡æ•°æ®ï¼Œæ—¥æœŸ: 2025-10-22
2025-10-24 10:23:35,583 - root - INFO - ä¸»çª—å£å·²æ˜¾ç¤º
2025-10-24 10:27:44,361 - root - INFO - æ•°æ®åº“è¿žæŽ¥å·²å…³é—­
2025-10-24 11:02:09,300 - root - INFO - ==================================================
2025-10-24 11:02:09,301 - root - INFO - è‚¡ç¥¨æ•°æ®åˆ†æžç³»ç»Ÿå¯åŠ¨
2025-10-24 11:02:09,301 - root - INFO - ==================================================
2025-10-24 11:02:09,321 - root - INFO - æ•°æ®åº“åˆå§‹åŒ–æˆåŠŸ
2025-10-24 11:02:09,940 - root - INFO - å·²è®¡ç®— 2025-10-22 ä¸Ž 2025-10-21 çš„å¯¹æ¯”å€¼
2025-10-24 11:02:15,133 - root - INFO - åŠ è½½äº† 5152 æ¡æ•°æ®ï¼Œæ—¥æœŸ: 2025-10-22
2025-10-24 11:02:15,578 - root - INFO - ä¸»çª—å£å·²æ˜¾ç¤º
2025-10-24 11:03:07,068 - root - INFO - å·²è®¡ç®— 2025-10-21 ä¸Ž 2025-10-20 çš„å¯¹æ¯”å€¼
2025-10-24 11:03:12,817 - root - INFO - åº”ç”¨ç­›é€‰: {'trade_date': '2025-10-21', 'stock_code': None, 'sector': None}
2025-10-24 11:04:01,500 - root - INFO - å·²è®¡ç®— 2025-10-22 ä¸Ž 2025-10-21 çš„å¯¹æ¯”å€¼
2025-10-24 11:04:01,558 - root - INFO - åº”ç”¨ç­›é€‰: {'trade_date': '2025-10-22', 'stock_code': '603938', 'sector': None}
2025-10-24 11:04:22,377 - root - INFO - å·²è®¡ç®— 2025-10-21 ä¸Ž 2025-10-20 çš„å¯¹æ¯”å€¼
2025-10-24 11:04:22,380 - root - INFO - åº”ç”¨ç­›é€‰: {'trade_date': '2025-10-21', 'stock_code': '603938', 'sector': None}
2025-10-24 11:04:35,326 - root - INFO - å·²è®¡ç®— 2025-10-22 ä¸Ž 2025-10-21 çš„å¯¹æ¯”å€¼
2025-10-24 11:04:35,329 - root - INFO - åº”ç”¨ç­›é€‰: {'trade_date': '2025-10-22', 'stock_code': '603938', 'sector': None}
2025-10-24 11:11:44,239 - root - INFO - å·²è®¡ç®— 2025-10-22 ä¸Ž 2025-10-21 çš„å¯¹æ¯”å€¼
2025-10-24 11:11:50,602 - root - INFO - åº”ç”¨ç­›é€‰: {'trade_date': '2025-10-22', 'stock_code': None, 'sector': None}
2025-10-24 11:12:10,624 - root - INFO - å·²è®¡ç®— 2025-10-22 ä¸Ž 2025-10-21 çš„å¯¹æ¯”å€¼
2025-10-24 11:12:17,320 - root - INFO - åº”ç”¨ç­›é€‰: {'trade_date': '2025-10-22', 'stock_code': None, 'sector': None}
2025-10-24 11:15:38,480 - root - INFO - å·²è®¡ç®— 2025-10-22 ä¸Ž 2025-10-21 çš„å¯¹æ¯”å€¼
2025-10-24 11:15:44,907 - root - INFO - åŠ è½½äº† 5152 æ¡æ•°æ®ï¼Œæ—¥æœŸ: 2025-10-22
2025-10-24 11:21:17,280 - root - INFO - å·²è®¡ç®— 2025-10-22 ä¸Ž 2025-10-21 çš„å¯¹æ¯”å€¼
2025-10-24 11:21:23,741 - root - INFO - åŠ è½½äº† 5152 æ¡æ•°æ®ï¼Œæ—¥æœŸ: 2025-10-22
2025-10-24 11:21:24,098 - root - INFO - å·²è®¡ç®— 2025-10-22 ä¸Ž 2025-10-21 çš„å¯¹æ¯”å€¼
2025-10-24 11:21:31,400 - root - INFO - ==================================================
2025-10-24 11:21:31,400 - root - INFO - è‚¡ç¥¨æ•°æ®åˆ†æžç³»ç»Ÿå¯åŠ¨
2025-10-24 11:21:31,400 - root - INFO - ==================================================
2025-10-24 11:21:31,422 - root - INFO - æ•°æ®åº“åˆå§‹åŒ–æˆåŠŸ
2025-10-24 11:21:32,092 - root - INFO - å·²è®¡ç®— 2025-10-22 ä¸Ž 2025-10-21 çš„å¯¹æ¯”å€¼
2025-10-24 11:21:37,328 - root - INFO - åŠ è½½äº† 5152 æ¡æ•°æ®ï¼Œæ—¥æœŸ: 2025-10-22
2025-10-24 11:21:37,776 - root - INFO - ä¸»çª—å£å·²æ˜¾ç¤º
2025-10-24 11:23:14,498 - root - INFO - å·²è®¡ç®— 2025-10-22 ä¸Ž 2025-10-21 çš„å¯¹æ¯”å€¼
2025-10-24 11:23:14,554 - root - INFO - åº”ç”¨ç­›é€‰: {'trade_date': '2025-10-22', 'stock_code': '600487', 'sector': None}
2025-10-24 11:23:16,291 - root - INFO - å·²è®¡ç®— 2025-10-21 ä¸Ž 2025-10-20 çš„å¯¹æ¯”å€¼
2025-10-24 11:23:16,293 - root - INFO - åº”ç”¨ç­›é€‰: {'trade_date': '2025-10-21', 'stock_code': '600487', 'sector': None}
2025-10-24 11:23:20,035 - root - INFO - å·²è®¡ç®— 2025-10-22 ä¸Ž 2025-10-21 çš„å¯¹æ¯”å€¼
2025-10-24 11:23:20,037 - root - INFO - åº”ç”¨ç­›é€‰: {'trade_date': '2025-10-22', 'stock_code': '600487', 'sector': None}
2025-10-24 11:24:04,828 - root - INFO - æ•°æ®åº“è¿žæŽ¥å·²å…³é—­
2025-10-24 11:24:34,042 - root - INFO - ==================================================
2025-10-24 11:24:34,043 - root - INFO - è‚¡ç¥¨æ•°æ®åˆ†æžç³»ç»Ÿå¯åŠ¨
2025-10-24 11:24:34,043 - root - INFO - ==================================================
2025-10-24 11:24:34,064 - root - INFO - æ•°æ®åº“åˆå§‹åŒ–æˆåŠŸ
2025-10-24 11:24:34,722 - root - INFO - å·²è®¡ç®— 2025-10-22 ä¸Ž 2025-10-21 çš„å¯¹æ¯”å€¼
2025-10-24 11:24:39,945 - root - INFO - åŠ è½½äº† 5152 æ¡æ•°æ®ï¼Œæ—¥æœŸ: 2025-10-22
2025-10-24 11:24:40,394 - root - INFO - ä¸»çª—å£å·²æ˜¾ç¤º
2025-10-24 11:26:26,115 - root - INFO - æ•°æ®åº“è¿žæŽ¥å·²å…³é—­
2025-10-24 11:26:47,160 - root - INFO - ==================================================
2025-10-24 11:26:47,160 - root - INFO - è‚¡ç¥¨æ•°æ®åˆ†æžç³»ç»Ÿå¯åŠ¨
2025-10-24 11:26:47,160 - root - INFO - ==================================================
2025-10-24 11:26:47,180 - root - INFO - æ•°æ®åº“åˆå§‹åŒ–æˆåŠŸ
2025-10-24 11:26:47,831 - root - INFO - å·²è®¡ç®— 2025-10-22 ä¸Ž 2025-10-21 çš„å¯¹æ¯”å€¼
2025-10-24 11:26:53,442 - root - INFO - åŠ è½½äº† 5152 æ¡æ•°æ®ï¼Œæ—¥æœŸ: 2025-10-22
2025-10-24 11:26:53,933 - root - INFO - ä¸»çª—å£å·²æ˜¾ç¤º
2025-10-24 11:27:20,209 - root - INFO - å·²è®¡ç®— 2025-10-21 ä¸Ž 2025-10-20 çš„å¯¹æ¯”å€¼
2025-10-24 11:27:20,265 - root - INFO - åº”ç”¨ç­›é€‰: {'trade_date': '2025-10-21', 'stock_code': '688260', 'sector': None}
2025-10-24 11:27:25,194 - root - INFO - å·²è®¡ç®— 2025-10-21 ä¸Ž 2025-10-20 çš„å¯¹æ¯”å€¼
2025-10-24 11:27:30,338 - root - INFO - åº”ç”¨ç­›é€‰: {'trade_date': '2025-10-21', 'stock_code': None, 'sector': None}
2025-10-24 11:27:45,685 - root - INFO - æ•°æ®åº“è¿žæŽ¥å·²å…³é—­
2025-10-24 11:28:56,150 - root - INFO - ==================================================
2025-10-24 11:28:56,150 - root - INFO - è‚¡ç¥¨æ•°æ®åˆ†æžç³»ç»Ÿå¯åŠ¨
2025-10-24 11:28:56,151 - root - INFO - ==================================================
2025-10-24 11:28:56,174 - root - INFO - æ•°æ®åº“åˆå§‹åŒ–æˆåŠŸ
2025-10-24 11:28:56,882 - root - INFO - å·²è®¡ç®— 2025-10-22 ä¸Ž 2025-10-21 çš„å¯¹æ¯”å€¼
2025-10-24 11:29:02,480 - root - INFO - åŠ è½½äº† 5152 æ¡æ•°æ®ï¼Œæ—¥æœŸ: 2025-10-22
2025-10-24 11:29:03,004 - root - INFO - ä¸»çª—å£å·²æ˜¾ç¤º
2025-10-24 11:29:22,902 - root - INFO - æ•°æ®åº“è¿žæŽ¥å·²å…³é—­
2025-10-24 11:37:14,702 - root - INFO - ==================================================
2025-10-24 11:37:14,702 - root - INFO - è‚¡ç¥¨æ•°æ®åˆ†æžç³»ç»Ÿå¯åŠ¨
2025-10-24 11:37:14,703 - root - INFO - ==================================================
2025-10-24 11:37:14,722 - root - INFO - æ•°æ®åº“åˆå§‹åŒ–æˆåŠŸ
2025-10-24 11:37:15,602 - root - INFO - ä¸»çª—å£å·²æ˜¾ç¤º
2025-10-24 11:37:15,936 - root - INFO - å·²è®¡ç®— 2025-10-22 ä¸Ž 2025-10-21 çš„å¯¹æ¯”å€¼
2025-10-24 11:37:21,303 - root - INFO - åŠ è½½äº† 5152 æ¡æ•°æ®ï¼Œæ—¥æœŸ: 2025-10-22
2025-10-24 11:37:38,590 - root - INFO - åº”ç”¨ç­›é€‰: {'trade_date': '2025-10-21', 'stock_code': None, 'sector': None}
2025-10-24 11:37:38,841 - root - INFO - å·²è®¡ç®— 2025-10-21 ä¸Ž 2025-10-20 çš„å¯¹æ¯”å€¼
2025-10-24 11:37:44,142 - root - INFO - åŠ è½½äº† 4950 æ¡æ•°æ®ï¼Œæ—¥æœŸ: 2025-10-21
2025-10-24 11:38:57,884 - root - INFO - æ•°æ®åº“è¿žæŽ¥å·²å…³é—­
2025-10-24 11:41:35,988 - root - INFO - ==================================================
2025-10-24 11:41:35,988 - root - INFO - è‚¡ç¥¨æ•°æ®åˆ†æžç³»ç»Ÿå¯åŠ¨
2025-10-24 11:41:35,989 - root - INFO - ==================================================
2025-10-24 11:41:36,010 - root - INFO - æ•°æ®åº“åˆå§‹åŒ–æˆåŠŸ
2025-10-24 11:41:36,815 - root - INFO - ä¸»çª—å£å·²æ˜¾ç¤º
2025-10-24 11:41:37,136 - root - INFO - å·²è®¡ç®— 2025-10-22 ä¸Ž 2025-10-21 çš„å¯¹æ¯”å€¼
2025-10-24 11:41:42,544 - root - INFO - åŠ è½½äº† 5152 æ¡æ•°æ®ï¼Œæ—¥æœŸ: 2025-10-22
2025-10-24 11:41:45,636 - root - INFO - åº”ç”¨ç­›é€‰: {'trade_date': '2025-10-21', 'stock_code': None, 'sector': None}
2025-10-24 11:41:45,922 - root - INFO - å·²è®¡ç®— 2025-10-21 ä¸Ž 2025-10-20 çš„å¯¹æ¯”å€¼
2025-10-24 11:41:51,115 - root - INFO - åŠ è½½äº† 4950 æ¡æ•°æ®ï¼Œæ—¥æœŸ: 2025-10-21
2025-10-24 11:41:54,198 - root - INFO - åº”ç”¨ç­›é€‰: {'trade_date': '2025-10-22', 'stock_code': None, 'sector': None}
2025-10-24 11:41:54,498 - root - INFO - å·²è®¡ç®— 2025-10-22 ä¸Ž 2025-10-21 çš„å¯¹æ¯”å€¼
2025-10-24 11:42:00,062 - root - INFO - åŠ è½½äº† 5152 æ¡æ•°æ®ï¼Œæ—¥æœŸ: 2025-10-22
2025-10-24 11:43:32,540 - root - INFO - ==================================================
2025-10-24 11:43:32,541 - root - INFO - è‚¡ç¥¨æ•°æ®åˆ†æžç³»ç»Ÿå¯åŠ¨
2025-10-24 11:43:32,541 - root - INFO - ==================================================
2025-10-24 11:43:32,563 - root - INFO - æ•°æ®åº“åˆå§‹åŒ–æˆåŠŸ
2025-10-24 11:43:33,311 - root - INFO - ä¸»çª—å£å·²æ˜¾ç¤º
2025-10-24 11:43:33,611 - root - INFO - å·²è®¡ç®— 2025-10-22 ä¸Ž 2025-10-21 çš„å¯¹æ¯”å€¼
2025-10-24 11:43:39,288 - root - INFO - åŠ è½½äº† 5152 æ¡æ•°æ®ï¼Œæ—¥æœŸ: 2025-10-22
2025-10-24 11:43:41,857 - root - INFO - æ•°æ®åº“è¿žæŽ¥å·²å…³é—­
2025-10-24 11:44:01,119 - root - INFO - æ•°æ®åº“è¿žæŽ¥å·²å…³é—­
